Initialized 2D vector 0:
-1 -1 -1 -1 -1 -1 
-1 -1 -1 -1 -1 -1 
-1 -1 -1 -1 -1 -1 
-1 -1 -1 -1 -1 -1 
Initialized 2D vector 1:
-1 -1 -1 -1 -1 -1 
-1 -1 -1 -1 -1 -1 
-1 -1 -1 -1 -1 -1 
-1 -1 -1 -1 -1 -1 
Initialized 2D vector 2:
-1 -1 -1 -1 -1 -1 
-1 -1 -1 -1 -1 -1 
-1 -1 -1 -1 -1 -1 
-1 -1 -1 -1 -1 -1 
0 0
Initialized 2D vector 0:
-1 -1 -1 -1 -1 -1 
-1 -1 -1 -1 -1 -1 
-1 -1 -1 -1 -1 -1 
0 -1 -1 -1 -1 -1 
Initialized 2D vector 1:
-1 -1 -1 -1 -1 -1 
-1 -1 -1 -1 -1 -1 
-1 -1 -1 -1 -1 -1 
-1 -1 -1 -1 -1 -1 
Initialized 2D vector 2:
-1 -1 -1 -1 -1 -1 
-1 -1 -1 -1 -1 -1 
-1 -1 -1 -1 -1 -1 
-1 -1 -1 -1 -1 -1 
1 0
Initialized 2D vector 0:
-1 -1 -1 -1 -1 -1 
-1 -1 -1 -1 -1 -1 
-1 -1 -1 -1 -1 -1 
0 1 -1 -1 -1 -1 
Initialized 2D vector 1:
-1 -1 -1 -1 -1 -1 
-1 -1 -1 -1 -1 -1 
-1 -1 -1 -1 -1 -1 
-1 -1 -1 -1 -1 -1 
Initialized 2D vector 2:
-1 -1 -1 -1 -1 -1 
-1 -1 -1 -1 -1 -1 
-1 -1 -1 -1 -1 -1 
-1 -1 -1 -1 -1 -1 
1 0
Initialized 2D vector 0:
-1 -1 -1 -1 -1 -1 
-1 -1 -1 -1 -1 -1 
1 -1 -1 -1 -1 -1 
0 1 -1 -1 -1 -1 
Initialized 2D vector 1:
-1 -1 -1 -1 -1 -1 
-1 -1 -1 -1 -1 -1 
-1 -1 -1 -1 -1 -1 
-1 -1 -1 -1 -1 -1 
Initialized 2D vector 2:
-1 -1 -1 -1 -1 -1 
-1 -1 -1 -1 -1 -1 
-1 -1 -1 -1 -1 -1 
-1 -1 -1 -1 -1 -1 
2 0
Initialized 2D vector 0:
-1 -1 -1 -1 -1 -1 
-1 -1 -1 -1 -1 -1 
1 -1 -1 -1 -1 -1 
0 1 2 -1 -1 -1 
Initialized 2D vector 1:
-1 -1 -1 -1 -1 -1 
-1 -1 -1 -1 -1 -1 
-1 -1 -1 -1 -1 -1 
-1 -1 -1 -1 -1 -1 
Initialized 2D vector 2:
-1 -1 -1 -1 -1 -1 
-1 -1 -1 -1 -1 -1 
-1 -1 -1 -1 -1 -1 
-1 -1 -1 -1 -1 -1 
2 -2
Initialized 2D vector 0:
-1 -1 -1 -1 -1 -1 
-1 -1 -1 -1 -1 -1 
1 -1 -1 -1 -1 -1 
0 1 2 -1 -1 -1 
Initialized 2D vector 1:
-1 -1 -1 -1 -1 -1 
-1 -1 -1 -1 -1 -1 
-1 -1 -1 -1 -1 -1 
-1 -1 -1 -1 -1 -1 
Initialized 2D vector 2:
-1 -1 -1 -1 -1 -1 
-1 -1 -1 -1 -1 -1 
-1 2 -1 -1 -1 -1 
-1 -1 -1 -1 -1 -1 
2 -2
Initialized 2D vector 0:
-1 -1 -1 -1 -1 -1 
-1 -1 -1 -1 -1 -1 
1 -1 -1 -1 -1 -1 
0 1 2 -1 -1 -1 
Initialized 2D vector 1:
-1 -1 -1 -1 -1 -1 
-1 -1 -1 -1 -1 -1 
-1 -1 -1 -1 -1 -1 
-1 -1 -1 -1 -1 -1 
Initialized 2D vector 2:
-1 -1 -1 -1 -1 -1 
-1 -1 -1 -1 -1 -1 
-1 2 -1 -1 -1 -1 
-1 -1 -1 -1 -1 -1 
2 0
Initialized 2D vector 0:
-1 -1 -1 -1 -1 -1 
2 -1 -1 -1 -1 -1 
1 -1 -1 -1 -1 -1 
0 1 2 -1 -1 -1 
Initialized 2D vector 1:
-1 -1 -1 -1 -1 -1 
-1 -1 -1 -1 -1 -1 
-1 -1 -1 -1 -1 -1 
-1 -1 -1 -1 -1 -1 
Initialized 2D vector 2:
-1 -1 -1 -1 -1 -1 
-1 -1 -1 -1 -1 -1 
-1 2 -1 -1 -1 -1 
-1 -1 -1 -1 -1 -1 
3 -2
Initialized 2D vector 0:
-1 -1 -1 -1 -1 -1 
2 -1 -1 -1 -1 -1 
1 -1 -1 -1 -1 -1 
0 1 2 -1 -1 -1 
Initialized 2D vector 1:
-1 -1 -1 -1 -1 -1 
-1 -1 -1 -1 -1 -1 
-1 -1 -1 -1 -1 -1 
-1 -1 -1 -1 -1 -1 
Initialized 2D vector 2:
-1 -1 -1 -1 -1 -1 
-1 -1 -1 -1 -1 -1 
-1 2 3 -1 -1 -1 
-1 -1 -1 -1 -1 -1 
3 -2
Initialized 2D vector 0:
-1 -1 -1 -1 -1 -1 
2 -1 -1 -1 -1 -1 
1 -1 -1 -1 -1 -1 
0 1 2 -1 -1 -1 
Initialized 2D vector 1:
-1 -1 -1 -1 -1 -1 
-1 -1 -1 -1 -1 -1 
-1 -1 -1 -1 -1 -1 
-1 -1 -1 -1 -1 -1 
Initialized 2D vector 2:
-1 -1 -1 -1 -1 -1 
-1 3 -1 -1 -1 -1 
-1 2 3 -1 -1 -1 
-1 -1 -1 -1 -1 -1 
3 -2
Initialized 2D vector 0:
-1 -1 -1 -1 -1 -1 
2 -1 -1 -1 -1 -1 
1 -1 -1 -1 -1 -1 
0 1 2 -1 -1 -1 
Initialized 2D vector 1:
-1 -1 -1 -1 -1 -1 
-1 -1 -1 -1 -1 -1 
-1 -1 -1 -1 -1 -1 
-1 -1 -1 -1 -1 -1 
Initialized 2D vector 2:
-1 -1 -1 -1 -1 -1 
-1 3 -1 -1 -1 -1 
3 2 3 -1 -1 -1 
-1 -1 -1 -1 -1 -1 
3 -2
Initialized 2D vector 0:
-1 -1 -1 -1 -1 -1 
2 -1 -1 -1 -1 -1 
1 -1 -1 -1 -1 -1 
0 1 2 -1 -1 -1 
Initialized 2D vector 1:
-1 -1 -1 -1 -1 -1 
-1 -1 -1 -1 -1 -1 
-1 -1 -1 -1 -1 -1 
-1 -1 -1 -1 -1 -1 
Initialized 2D vector 2:
-1 -1 -1 -1 -1 -1 
-1 3 -1 -1 -1 -1 
3 2 3 -1 -1 -1 
-1 3 -1 -1 -1 -1 
3 -2
Initialized 2D vector 0:
-1 -1 -1 -1 -1 -1 
2 -1 -1 -1 -1 -1 
1 -1 -1 -1 -1 -1 
0 1 2 -1 -1 -1 
Initialized 2D vector 1:
-1 -1 -1 -1 -1 -1 
-1 -1 -1 -1 -1 -1 
-1 -1 -1 -1 -1 -1 
-1 -1 -1 -1 -1 -1 
Initialized 2D vector 2:
-1 -1 -1 -1 -1 -1 
-1 3 -1 -1 -1 -1 
3 2 3 -1 -1 -1 
-1 3 -1 -1 -1 -1 
3 -2
Initialized 2D vector 0:
-1 -1 -1 -1 -1 -1 
2 -1 -1 -1 -1 -1 
1 -1 -1 -1 -1 -1 
0 1 2 -1 -1 -1 
Initialized 2D vector 1:
-1 -1 -1 -1 -1 -1 
-1 -1 -1 -1 -1 -1 
-1 -1 -1 -1 -1 -1 
-1 -1 -1 -1 -1 -1 
Initialized 2D vector 2:
-1 -1 -1 -1 -1 -1 
-1 3 -1 -1 -1 -1 
3 2 3 -1 -1 -1 
-1 3 -1 -1 -1 -1 
3 -2
Initialized 2D vector 0:
-1 -1 -1 -1 -1 -1 
2 -1 -1 -1 -1 -1 
1 -1 -1 -1 -1 -1 
0 1 2 -1 -1 -1 
Initialized 2D vector 1:
-1 -1 -1 -1 -1 -1 
-1 -1 -1 -1 -1 -1 
-1 -1 -1 -1 -1 -1 
-1 -1 -1 -1 -1 -1 
Initialized 2D vector 2:
-1 -1 -1 -1 -1 -1 
-1 3 -1 -1 -1 -1 
3 2 3 -1 -1 -1 
-1 3 -1 -1 -1 -1 
3 -2
Initialized 2D vector 0:
-1 -1 -1 -1 -1 -1 
2 -1 -1 -1 -1 -1 
1 -1 -1 -1 -1 -1 
0 1 2 -1 -1 -1 
Initialized 2D vector 1:
-1 -1 -1 -1 -1 -1 
-1 -1 -1 -1 -1 -1 
-1 -1 -1 -1 -1 -1 
-1 -1 -1 -1 -1 -1 
Initialized 2D vector 2:
-1 -1 -1 -1 -1 -1 
-1 3 -1 -1 -1 -1 
3 2 3 -1 -1 -1 
-1 3 -1 -1 -1 -1 
3 0
Initialized 2D vector 0:
3 -1 -1 -1 -1 -1 
2 -1 -1 -1 -1 -1 
1 -1 -1 -1 -1 -1 
0 1 2 -1 -1 -1 
Initialized 2D vector 1:
-1 -1 -1 -1 -1 -1 
-1 -1 -1 -1 -1 -1 
-1 -1 -1 -1 -1 -1 
-1 -1 -1 -1 -1 -1 
Initialized 2D vector 2:
-1 -1 -1 -1 -1 -1 
-1 3 -1 -1 -1 -1 
3 2 3 -1 -1 -1 
-1 3 -1 -1 -1 -1 
4 -2
Initialized 2D vector 0:
3 -1 -1 -1 -1 -1 
2 -1 -1 -1 -1 -1 
1 -1 -1 -1 -1 -1 
0 1 2 -1 -1 -1 
Initialized 2D vector 1:
-1 -1 -1 -1 -1 -1 
-1 -1 -1 -1 -1 -1 
-1 -1 -1 -1 -1 -1 
-1 -1 -1 -1 -1 -1 
Initialized 2D vector 2:
-1 -1 -1 -1 -1 -1 
-1 3 -1 -1 -1 -1 
3 2 3 4 -1 -1 
-1 3 -1 -1 -1 -1 
4 -2
Initialized 2D vector 0:
3 -1 -1 -1 -1 -1 
2 -1 -1 -1 -1 -1 
1 -1 -1 -1 -1 -1 
0 1 2 -1 -1 -1 
Initialized 2D vector 1:
-1 -1 -1 -1 -1 -1 
-1 -1 -1 -1 -1 -1 
-1 -1 -1 -1 -1 -1 
-1 -1 -1 -1 -1 -1 
Initialized 2D vector 2:
-1 -1 -1 -1 -1 -1 
-1 3 4 -1 -1 -1 
3 2 3 4 -1 -1 
-1 3 -1 -1 -1 -1 
4 -2
Initialized 2D vector 0:
3 -1 -1 -1 -1 -1 
2 -1 -1 -1 -1 -1 
1 -1 -1 -1 -1 -1 
0 1 2 -1 -1 -1 
Initialized 2D vector 1:
-1 -1 -1 -1 -1 -1 
-1 -1 -1 -1 -1 -1 
-1 -1 -1 -1 -1 -1 
-1 -1 -1 -1 -1 -1 
Initialized 2D vector 2:
-1 -1 -1 -1 -1 -1 
-1 3 4 -1 -1 -1 
3 2 3 4 -1 -1 
-1 3 4 -1 -1 -1 
4 -2
Initialized 2D vector 0:
3 -1 -1 -1 -1 -1 
2 -1 -1 -1 -1 -1 
1 -1 -1 -1 -1 -1 
0 1 2 -1 -1 -1 
Initialized 2D vector 1:
-1 -1 -1 -1 -1 -1 
-1 -1 -1 -1 -1 -1 
-1 -1 -1 -1 -1 -1 
-1 -1 -1 -1 -1 -1 
Initialized 2D vector 2:
-1 -1 -1 -1 -1 -1 
-1 3 4 -1 -1 -1 
3 2 3 4 -1 -1 
-1 3 4 -1 -1 -1 
4 -2
Initialized 2D vector 0:
3 -1 -1 -1 -1 -1 
2 -1 -1 -1 -1 -1 
1 -1 -1 -1 -1 -1 
0 1 2 -1 -1 -1 
Initialized 2D vector 1:
-1 -1 -1 -1 -1 -1 
-1 -1 -1 -1 -1 -1 
-1 -1 -1 -1 -1 -1 
-1 -1 -1 -1 -1 -1 
Initialized 2D vector 2:
-1 4 -1 -1 -1 -1 
-1 3 4 -1 -1 -1 
3 2 3 4 -1 -1 
-1 3 4 -1 -1 -1 
4 -2
Initialized 2D vector 0:
3 -1 -1 -1 -1 -1 
2 -1 -1 -1 -1 -1 
1 -1 -1 -1 -1 -1 
0 1 2 -1 -1 -1 
Initialized 2D vector 1:
-1 -1 -1 -1 -1 -1 
-1 -1 -1 -1 -1 -1 
-1 -1 -1 -1 -1 -1 
-1 -1 -1 -1 -1 -1 
Initialized 2D vector 2:
-1 4 -1 -1 -1 -1 
4 3 4 -1 -1 -1 
3 2 3 4 -1 -1 
-1 3 4 -1 -1 -1 
4 -2
Initialized 2D vector 0:
3 -1 -1 -1 -1 -1 
2 -1 -1 -1 -1 -1 
1 -1 -1 -1 -1 -1 
0 1 2 -1 -1 -1 
Initialized 2D vector 1:
-1 -1 -1 -1 -1 -1 
-1 -1 -1 -1 -1 -1 
-1 -1 -1 -1 -1 -1 
-1 -1 -1 -1 -1 -1 
Initialized 2D vector 2:
-1 4 -1 -1 -1 -1 
4 3 4 -1 -1 -1 
3 2 3 4 -1 -1 
-1 3 4 -1 -1 -1 
4 -2
Initialized 2D vector 0:
3 -1 -1 -1 -1 -1 
2 -1 -1 -1 -1 -1 
1 -1 -1 -1 -1 -1 
0 1 2 -1 -1 -1 
Initialized 2D vector 1:
-1 -1 -1 -1 -1 -1 
-1 -1 -1 -1 -1 -1 
-1 -1 -1 -1 -1 -1 
-1 -1 -1 -1 -1 -1 
Initialized 2D vector 2:
-1 4 -1 -1 -1 -1 
4 3 4 -1 -1 -1 
3 2 3 4 -1 -1 
4 3 4 -1 -1 -1 
4 -2
Initialized 2D vector 0:
3 -1 -1 -1 -1 -1 
2 -1 -1 -1 -1 -1 
1 -1 -1 -1 -1 -1 
0 1 2 -1 -1 -1 
Initialized 2D vector 1:
-1 -1 -1 -1 -1 -1 
-1 -1 -1 -1 -1 -1 
-1 -1 -1 -1 -1 -1 
-1 -1 -1 -1 -1 -1 
Initialized 2D vector 2:
-1 4 -1 -1 -1 -1 
4 3 4 -1 -1 -1 
3 2 3 4 -1 -1 
4 3 4 -1 -1 -1 
4 -2
Initialized 2D vector 0:
3 -1 -1 -1 -1 -1 
2 -1 -1 -1 -1 -1 
1 -1 -1 -1 -1 -1 
0 1 2 -1 -1 -1 
Initialized 2D vector 1:
-1 -1 -1 -1 -1 -1 
-1 -1 -1 -1 -1 -1 
-1 -1 -1 -1 -1 -1 
-1 -1 -1 -1 -1 -1 
Initialized 2D vector 2:
-1 4 -1 -1 -1 -1 
4 3 4 -1 -1 -1 
3 2 3 4 -1 -1 
4 3 4 -1 -1 -1 
4 -2
Initialized 2D vector 0:
3 -1 -1 -1 -1 -1 
2 -1 -1 -1 -1 -1 
1 -1 -1 -1 -1 -1 
0 1 2 -1 -1 -1 
Initialized 2D vector 1:
-1 -1 -1 -1 -1 -1 
-1 -1 -1 -1 -1 -1 
-1 -1 -1 -1 -1 -1 
-1 -1 -1 -1 -1 -1 
Initialized 2D vector 2:
-1 4 -1 -1 -1 -1 
4 3 4 -1 -1 -1 
3 2 3 4 -1 -1 
4 3 4 -1 -1 -1 
4 -2
Initialized 2D vector 0:
3 -1 -1 -1 -1 -1 
2 -1 -1 -1 -1 -1 
1 -1 -1 -1 -1 -1 
0 1 2 -1 -1 -1 
Initialized 2D vector 1:
-1 -1 -1 -1 -1 -1 
-1 -1 -1 -1 -1 -1 
-1 -1 -1 -1 -1 -1 
-1 -1 -1 -1 -1 -1 
Initialized 2D vector 2:
-1 4 -1 -1 -1 -1 
4 3 4 -1 -1 -1 
3 2 3 4 -1 -1 
4 3 4 -1 -1 -1 
4 -2
Initialized 2D vector 0:
3 -1 -1 -1 -1 -1 
2 -1 -1 -1 -1 -1 
1 -1 -1 -1 -1 -1 
0 1 2 -1 -1 -1 
Initialized 2D vector 1:
-1 -1 -1 -1 -1 -1 
-1 -1 -1 -1 -1 -1 
-1 -1 -1 -1 -1 -1 
-1 -1 -1 -1 -1 -1 
Initialized 2D vector 2:
-1 4 -1 -1 -1 -1 
4 3 4 -1 -1 -1 
3 2 3 4 -1 -1 
4 3 4 -1 -1 -1 
4 -2
Initialized 2D vector 0:
3 -1 -1 -1 -1 -1 
2 -1 -1 -1 -1 -1 
1 -1 -1 -1 -1 -1 
0 1 2 -1 -1 -1 
Initialized 2D vector 1:
-1 -1 -1 -1 -1 -1 
-1 -1 -1 -1 -1 -1 
-1 -1 -1 -1 -1 -1 
-1 -1 -1 -1 -1 -1 
Initialized 2D vector 2:
-1 4 -1 -1 -1 -1 
4 3 4 -1 -1 -1 
3 2 3 4 -1 -1 
4 3 4 -1 -1 -1 
4 -2
Initialized 2D vector 0:
3 -1 -1 -1 -1 -1 
2 -1 -1 -1 -1 -1 
1 -1 -1 -1 -1 -1 
0 1 2 -1 -1 -1 
Initialized 2D vector 1:
-1 -1 -1 -1 -1 -1 
-1 -1 -1 -1 -1 -1 
-1 -1 -1 -1 -1 -1 
-1 -1 -1 -1 -1 -1 
Initialized 2D vector 2:
-1 4 -1 -1 -1 -1 
4 3 4 -1 -1 -1 
3 2 3 4 -1 -1 
4 3 4 -1 -1 -1 
4 -2
Initialized 2D vector 0:
3 -1 -1 -1 -1 -1 
2 -1 -1 -1 -1 -1 
1 -1 -1 -1 -1 -1 
0 1 2 -1 -1 -1 
Initialized 2D vector 1:
-1 -1 -1 -1 -1 -1 
-1 -1 -1 -1 -1 -1 
-1 -1 -1 -1 -1 -1 
-1 -1 -1 -1 -1 -1 
Initialized 2D vector 2:
-1 4 -1 -1 -1 -1 
4 3 4 -1 -1 -1 
3 2 3 4 -1 -1 
4 3 4 -1 -1 -1 
4 -2
Initialized 2D vector 0:
3 -1 -1 -1 -1 -1 
2 -1 -1 -1 -1 -1 
1 -1 -1 -1 -1 -1 
0 1 2 -1 -1 -1 
Initialized 2D vector 1:
-1 -1 -1 -1 -1 -1 
-1 -1 -1 -1 -1 -1 
-1 -1 -1 -1 -1 -1 
-1 -1 -1 -1 -1 -1 
Initialized 2D vector 2:
-1 4 -1 -1 -1 -1 
4 3 4 -1 -1 -1 
3 2 3 4 -1 -1 
4 3 4 -1 -1 -1 
4 -2
Initialized 2D vector 0:
3 -1 -1 -1 -1 -1 
2 -1 -1 -1 -1 -1 
1 -1 -1 -1 -1 -1 
0 1 2 -1 -1 -1 
Initialized 2D vector 1:
-1 -1 -1 -1 -1 -1 
-1 -1 -1 -1 -1 -1 
-1 -1 -1 -1 -1 -1 
-1 -1 -1 -1 -1 -1 
Initialized 2D vector 2:
-1 4 -1 -1 -1 -1 
4 3 4 -1 -1 -1 
3 2 3 4 -1 -1 
4 3 4 -1 -1 -1 
4 -2
Initialized 2D vector 0:
3 -1 -1 -1 -1 -1 
2 -1 -1 -1 -1 -1 
1 -1 -1 -1 -1 -1 
0 1 2 -1 -1 -1 
Initialized 2D vector 1:
-1 -1 -1 -1 -1 -1 
-1 -1 -1 -1 -1 -1 
-1 -1 -1 -1 -1 -1 
-1 -1 -1 -1 -1 -1 
Initialized 2D vector 2:
-1 4 -1 -1 -1 -1 
4 3 4 -1 -1 -1 
3 2 3 4 -1 -1 
4 3 4 -1 -1 -1 
4 -2
Initialized 2D vector 0:
3 -1 -1 -1 -1 -1 
2 -1 -1 -1 -1 -1 
1 -1 -1 -1 -1 -1 
0 1 2 -1 -1 -1 
Initialized 2D vector 1:
-1 -1 -1 -1 -1 -1 
-1 -1 -1 -1 -1 -1 
-1 -1 -1 -1 -1 -1 
-1 -1 -1 -1 -1 -1 
Initialized 2D vector 2:
-1 4 -1 -1 -1 -1 
4 3 4 -1 -1 -1 
3 2 3 4 -1 -1 
4 3 4 -1 -1 -1 
4 0
Initialized 2D vector 0:
3 4 -1 -1 -1 -1 
2 -1 -1 -1 -1 -1 
1 -1 -1 -1 -1 -1 
0 1 2 -1 -1 -1 
Initialized 2D vector 1:
-1 -1 -1 -1 -1 -1 
-1 -1 -1 -1 -1 -1 
-1 -1 -1 -1 -1 -1 
-1 -1 -1 -1 -1 -1 
Initialized 2D vector 2:
-1 4 -1 -1 -1 -1 
4 3 4 -1 -1 -1 
3 2 3 4 -1 -1 
4 3 4 -1 -1 -1 
5 -2
Initialized 2D vector 0:
3 4 -1 -1 -1 -1 
2 -1 -1 -1 -1 -1 
1 -1 -1 -1 -1 -1 
0 1 2 -1 -1 -1 
Initialized 2D vector 1:
-1 -1 -1 -1 -1 -1 
-1 -1 -1 -1 -1 -1 
-1 -1 -1 -1 -1 -1 
-1 -1 -1 -1 -1 -1 
Initialized 2D vector 2:
-1 4 -1 -1 -1 -1 
4 3 4 -1 -1 -1 
3 2 3 4 5 -1 
4 3 4 -1 -1 -1 
5 -2
Initialized 2D vector 0:
3 4 -1 -1 -1 -1 
2 -1 -1 -1 -1 -1 
1 -1 -1 -1 -1 -1 
0 1 2 -1 -1 -1 
Initialized 2D vector 1:
-1 -1 -1 -1 -1 -1 
-1 -1 -1 -1 -1 -1 
-1 -1 -1 -1 -1 -1 
-1 -1 -1 -1 -1 -1 
Initialized 2D vector 2:
-1 4 -1 -1 -1 -1 
4 3 4 5 -1 -1 
3 2 3 4 5 -1 
4 3 4 -1 -1 -1 
5 -2
Initialized 2D vector 0:
3 4 -1 -1 -1 -1 
2 -1 -1 -1 -1 -1 
1 -1 -1 -1 -1 -1 
0 1 2 -1 -1 -1 
Initialized 2D vector 1:
-1 -1 -1 -1 -1 -1 
-1 -1 -1 -1 -1 -1 
-1 -1 -1 -1 -1 -1 
-1 -1 -1 -1 -1 -1 
Initialized 2D vector 2:
-1 4 -1 -1 -1 -1 
4 3 4 5 -1 -1 
3 2 3 4 5 -1 
4 3 4 5 -1 -1 
5 -2
Initialized 2D vector 0:
3 4 -1 -1 -1 -1 
2 -1 -1 -1 -1 -1 
1 -1 -1 -1 -1 -1 
0 1 2 -1 -1 -1 
Initialized 2D vector 1:
-1 -1 -1 -1 -1 -1 
-1 -1 -1 -1 -1 -1 
-1 -1 -1 -1 -1 -1 
-1 -1 -1 -1 -1 -1 
Initialized 2D vector 2:
-1 4 -1 -1 -1 -1 
4 3 4 5 -1 -1 
3 2 3 4 5 -1 
4 3 4 5 -1 -1 
5 -2
Initialized 2D vector 0:
3 4 -1 -1 -1 -1 
2 -1 -1 -1 -1 -1 
1 -1 -1 -1 -1 -1 
0 1 2 -1 -1 -1 
Initialized 2D vector 1:
-1 -1 -1 -1 -1 -1 
-1 -1 -1 -1 -1 -1 
-1 -1 -1 -1 -1 -1 
-1 -1 -1 -1 -1 -1 
Initialized 2D vector 2:
-1 4 5 -1 -1 -1 
4 3 4 5 -1 -1 
3 2 3 4 5 -1 
4 3 4 5 -1 -1 
5 -2
Initialized 2D vector 0:
3 4 -1 -1 -1 -1 
2 -1 -1 -1 -1 -1 
1 -1 -1 -1 -1 -1 
0 1 2 -1 -1 -1 
Initialized 2D vector 1:
-1 -1 -1 -1 -1 -1 
-1 -1 -1 -1 -1 -1 
-1 -1 -1 -1 -1 -1 
-1 -1 -1 -1 -1 -1 
Initialized 2D vector 2:
-1 4 5 -1 -1 -1 
4 3 4 5 -1 -1 
3 2 3 4 5 -1 
4 3 4 5 -1 -1 
5 -2
Initialized 2D vector 0:
3 4 -1 -1 -1 -1 
2 -1 -1 -1 -1 -1 
1 -1 -1 -1 -1 -1 
0 1 2 -1 -1 -1 
Initialized 2D vector 1:
-1 -1 -1 -1 -1 -1 
-1 -1 -1 -1 -1 -1 
-1 -1 -1 -1 -1 -1 
-1 -1 -1 -1 -1 -1 
Initialized 2D vector 2:
-1 4 5 -1 -1 -1 
4 3 4 5 -1 -1 
3 2 3 4 5 -1 
4 3 4 5 -1 -1 
5 -2
Initialized 2D vector 0:
3 4 -1 -1 -1 -1 
2 -1 -1 -1 -1 -1 
1 -1 -1 -1 -1 -1 
0 1 2 -1 -1 -1 
Initialized 2D vector 1:
-1 -1 -1 -1 -1 -1 
-1 -1 -1 -1 -1 -1 
-1 -1 -1 -1 -1 -1 
-1 -1 -1 -1 -1 -1 
Initialized 2D vector 2:
-1 4 5 -1 -1 -1 
4 3 4 5 -1 -1 
3 2 3 4 5 -1 
4 3 4 5 -1 -1 
5 -2
Initialized 2D vector 0:
3 4 -1 -1 -1 -1 
2 -1 -1 -1 -1 -1 
1 -1 -1 -1 -1 -1 
0 1 2 -1 -1 -1 
Initialized 2D vector 1:
-1 -1 -1 -1 -1 -1 
-1 -1 -1 -1 -1 -1 
-1 -1 -1 -1 -1 -1 
-1 -1 -1 -1 -1 -1 
Initialized 2D vector 2:
-1 4 5 -1 -1 -1 
4 3 4 5 -1 -1 
3 2 3 4 5 -1 
4 3 4 5 -1 -1 
5 -2
Initialized 2D vector 0:
3 4 -1 -1 -1 -1 
2 -1 -1 -1 -1 -1 
1 -1 -1 -1 -1 -1 
0 1 2 -1 -1 -1 
Initialized 2D vector 1:
-1 -1 -1 -1 -1 -1 
-1 -1 -1 -1 -1 -1 
-1 -1 -1 -1 -1 -1 
-1 -1 -1 -1 -1 -1 
Initialized 2D vector 2:
5 4 5 -1 -1 -1 
4 3 4 5 -1 -1 
3 2 3 4 5 -1 
4 3 4 5 -1 -1 
5 -2
Initialized 2D vector 0:
3 4 -1 -1 -1 -1 
2 -1 -1 -1 -1 -1 
1 -1 -1 -1 -1 -1 
0 1 2 -1 -1 -1 
Initialized 2D vector 1:
-1 -1 -1 -1 -1 -1 
-1 -1 -1 -1 -1 -1 
-1 -1 -1 -1 -1 -1 
-1 -1 -1 -1 -1 -1 
Initialized 2D vector 2:
5 4 5 -1 -1 -1 
4 3 4 5 -1 -1 
3 2 3 4 5 -1 
4 3 4 5 -1 -1 
5 -2
Initialized 2D vector 0:
3 4 -1 -1 -1 -1 
2 -1 -1 -1 -1 -1 
1 -1 -1 -1 -1 -1 
0 1 2 -1 -1 -1 
Initialized 2D vector 1:
-1 -1 -1 -1 -1 -1 
-1 -1 -1 -1 -1 -1 
-1 -1 -1 -1 -1 -1 
-1 -1 -1 -1 -1 -1 
Initialized 2D vector 2:
5 4 5 -1 -1 -1 
4 3 4 5 -1 -1 
3 2 3 4 5 -1 
4 3 4 5 -1 -1 
5 -2
Initialized 2D vector 0:
3 4 -1 -1 -1 -1 
2 -1 -1 -1 -1 -1 
1 -1 -1 -1 -1 -1 
0 1 2 -1 -1 -1 
Initialized 2D vector 1:
-1 -1 -1 -1 -1 -1 
-1 -1 -1 -1 -1 -1 
-1 -1 -1 -1 -1 -1 
-1 -1 -1 -1 -1 -1 
Initialized 2D vector 2:
5 4 5 -1 -1 -1 
4 3 4 5 -1 -1 
3 2 3 4 5 -1 
4 3 4 5 -1 -1 
5 -2
Initialized 2D vector 0:
3 4 -1 -1 -1 -1 
2 -1 -1 -1 -1 -1 
1 -1 -1 -1 -1 -1 
0 1 2 -1 -1 -1 
Initialized 2D vector 1:
-1 -1 -1 -1 -1 -1 
-1 -1 -1 -1 -1 -1 
-1 -1 -1 -1 -1 -1 
-1 -1 -1 -1 -1 -1 
Initialized 2D vector 2:
5 4 5 -1 -1 -1 
4 3 4 5 -1 -1 
3 2 3 4 5 -1 
4 3 4 5 -1 -1 
5 -2
Initialized 2D vector 0:
3 4 -1 -1 -1 -1 
2 -1 -1 -1 -1 -1 
1 -1 -1 -1 -1 -1 
0 1 2 -1 -1 -1 
Initialized 2D vector 1:
-1 -1 -1 -1 -1 -1 
-1 -1 -1 -1 -1 -1 
-1 -1 -1 -1 -1 -1 
-1 -1 -1 -1 -1 -1 
Initialized 2D vector 2:
5 4 5 -1 -1 -1 
4 3 4 5 -1 -1 
3 2 3 4 5 -1 
4 3 4 5 -1 -1 
5 -2
Initialized 2D vector 0:
3 4 -1 -1 -1 -1 
2 -1 -1 -1 -1 -1 
1 -1 -1 -1 -1 -1 
0 1 2 -1 -1 -1 
Initialized 2D vector 1:
-1 -1 -1 -1 -1 -1 
-1 -1 -1 -1 -1 -1 
-1 -1 -1 -1 -1 -1 
-1 -1 -1 -1 -1 -1 
Initialized 2D vector 2:
5 4 5 -1 -1 -1 
4 3 4 5 -1 -1 
3 2 3 4 5 -1 
4 3 4 5 -1 -1 
5 -2
Initialized 2D vector 0:
3 4 -1 -1 -1 -1 
2 -1 -1 -1 -1 -1 
1 -1 -1 -1 -1 -1 
0 1 2 -1 -1 -1 
Initialized 2D vector 1:
-1 -1 -1 -1 -1 -1 
-1 -1 -1 -1 -1 -1 
-1 -1 -1 -1 -1 -1 
-1 -1 -1 -1 -1 -1 
Initialized 2D vector 2:
5 4 5 -1 -1 -1 
4 3 4 5 -1 -1 
3 2 3 4 5 -1 
4 3 4 5 -1 -1 
5 -2
Initialized 2D vector 0:
3 4 -1 -1 -1 -1 
2 -1 -1 -1 -1 -1 
1 -1 -1 -1 -1 -1 
0 1 2 -1 -1 -1 
Initialized 2D vector 1:
-1 -1 -1 -1 -1 -1 
-1 -1 -1 -1 -1 -1 
-1 -1 -1 -1 -1 -1 
-1 -1 -1 -1 -1 -1 
Initialized 2D vector 2:
5 4 5 -1 -1 -1 
4 3 4 5 -1 -1 
3 2 3 4 5 -1 
4 3 4 5 -1 -1 
5 -2
Initialized 2D vector 0:
3 4 -1 -1 -1 -1 
2 -1 -1 -1 -1 -1 
1 -1 -1 -1 -1 -1 
0 1 2 -1 -1 -1 
Initialized 2D vector 1:
-1 -1 -1 -1 -1 -1 
-1 -1 -1 -1 -1 -1 
-1 -1 -1 -1 -1 -1 
-1 -1 -1 -1 -1 -1 
Initialized 2D vector 2:
5 4 5 -1 -1 -1 
4 3 4 5 -1 -1 
3 2 3 4 5 -1 
4 3 4 5 -1 -1 
5 -2
Initialized 2D vector 0:
3 4 -1 -1 -1 -1 
2 -1 -1 -1 -1 -1 
1 -1 -1 -1 -1 -1 
0 1 2 -1 -1 -1 
Initialized 2D vector 1:
-1 -1 -1 -1 -1 -1 
-1 -1 -1 -1 -1 -1 
-1 -1 -1 -1 -1 -1 
-1 -1 -1 -1 -1 -1 
Initialized 2D vector 2:
5 4 5 -1 -1 -1 
4 3 4 5 -1 -1 
3 2 3 4 5 -1 
4 3 4 5 -1 -1 
5 -2
Initialized 2D vector 0:
3 4 -1 -1 -1 -1 
2 -1 -1 -1 -1 -1 
1 -1 -1 -1 -1 -1 
0 1 2 -1 -1 -1 
Initialized 2D vector 1:
-1 -1 -1 -1 -1 -1 
-1 -1 -1 -1 -1 -1 
-1 -1 -1 -1 -1 -1 
-1 -1 -1 -1 -1 -1 
Initialized 2D vector 2:
5 4 5 -1 -1 -1 
4 3 4 5 -1 -1 
3 2 3 4 5 -1 
4 3 4 5 -1 -1 
5 -2
Initialized 2D vector 0:
3 4 -1 -1 -1 -1 
2 -1 -1 -1 -1 -1 
1 -1 -1 -1 -1 -1 
0 1 2 -1 -1 -1 
Initialized 2D vector 1:
-1 -1 -1 -1 -1 -1 
-1 -1 -1 -1 -1 -1 
-1 -1 -1 -1 -1 -1 
-1 -1 -1 -1 -1 -1 
Initialized 2D vector 2:
5 4 5 -1 -1 -1 
4 3 4 5 -1 -1 
3 2 3 4 5 -1 
4 3 4 5 -1 -1 
5 -2
Initialized 2D vector 0:
3 4 -1 -1 -1 -1 
2 -1 -1 -1 -1 -1 
1 -1 -1 -1 -1 -1 
0 1 2 -1 -1 -1 
Initialized 2D vector 1:
-1 -1 -1 -1 -1 -1 
-1 -1 -1 -1 -1 -1 
-1 -1 -1 -1 -1 -1 
-1 -1 -1 -1 -1 -1 
Initialized 2D vector 2:
5 4 5 -1 -1 -1 
4 3 4 5 -1 -1 
3 2 3 4 5 -1 
4 3 4 5 -1 -1 
5 -2
Initialized 2D vector 0:
3 4 -1 -1 -1 -1 
2 -1 -1 -1 -1 -1 
1 -1 -1 -1 -1 -1 
0 1 2 -1 -1 -1 
Initialized 2D vector 1:
-1 -1 -1 -1 -1 -1 
-1 -1 -1 -1 -1 -1 
-1 -1 -1 -1 -1 -1 
-1 -1 -1 -1 -1 -1 
Initialized 2D vector 2:
5 4 5 -1 -1 -1 
4 3 4 5 -1 -1 
3 2 3 4 5 -1 
4 3 4 5 -1 -1 
5 -2
Initialized 2D vector 0:
3 4 -1 -1 -1 -1 
2 -1 -1 -1 -1 -1 
1 -1 -1 -1 -1 -1 
0 1 2 -1 -1 -1 
Initialized 2D vector 1:
-1 -1 -1 -1 -1 -1 
-1 -1 -1 -1 -1 -1 
-1 -1 -1 -1 -1 -1 
-1 -1 -1 -1 -1 -1 
Initialized 2D vector 2:
5 4 5 -1 -1 -1 
4 3 4 5 -1 -1 
3 2 3 4 5 -1 
4 3 4 5 -1 -1 
5 -2
Initialized 2D vector 0:
3 4 -1 -1 -1 -1 
2 -1 -1 -1 -1 -1 
1 -1 -1 -1 -1 -1 
0 1 2 -1 -1 -1 
Initialized 2D vector 1:
-1 -1 -1 -1 -1 -1 
-1 -1 -1 -1 -1 -1 
-1 -1 -1 -1 -1 -1 
-1 -1 -1 -1 -1 -1 
Initialized 2D vector 2:
5 4 5 -1 -1 -1 
4 3 4 5 -1 -1 
3 2 3 4 5 -1 
4 3 4 5 -1 -1 
5 0
Initialized 2D vector 0:
3 4 5 -1 -1 -1 
2 -1 -1 -1 -1 -1 
1 -1 -1 -1 -1 -1 
0 1 2 -1 -1 -1 
Initialized 2D vector 1:
-1 -1 -1 -1 -1 -1 
-1 -1 -1 -1 -1 -1 
-1 -1 -1 -1 -1 -1 
-1 -1 -1 -1 -1 -1 
Initialized 2D vector 2:
5 4 5 -1 -1 -1 
4 3 4 5 -1 -1 
3 2 3 4 5 -1 
4 3 4 5 -1 -1 
6 -2
Initialized 2D vector 0:
3 4 5 -1 -1 -1 
2 -1 -1 -1 -1 -1 
1 -1 -1 -1 -1 -1 
0 1 2 -1 -1 -1 
Initialized 2D vector 1:
-1 -1 -1 -1 -1 -1 
-1 -1 -1 -1 -1 -1 
-1 -1 -1 -1 -1 -1 
-1 -1 -1 -1 -1 -1 
Initialized 2D vector 2:
5 4 5 -1 -1 -1 
4 3 4 5 -1 -1 
3 2 3 4 5 6 
4 3 4 5 -1 -1 
6 -2
Initialized 2D vector 0:
3 4 5 -1 -1 -1 
2 -1 -1 -1 -1 -1 
1 -1 -1 -1 -1 -1 
0 1 2 -1 -1 -1 
Initialized 2D vector 1:
-1 -1 -1 -1 -1 -1 
-1 -1 -1 -1 -1 -1 
-1 -1 -1 -1 -1 -1 
-1 -1 -1 -1 -1 -1 
Initialized 2D vector 2:
5 4 5 -1 -1 -1 
4 3 4 5 6 -1 
3 2 3 4 5 6 
4 3 4 5 -1 -1 
6 -2
Initialized 2D vector 0:
3 4 5 -1 -1 -1 
2 -1 -1 -1 -1 -1 
1 -1 -1 -1 -1 -1 
0 1 2 -1 -1 -1 
Initialized 2D vector 1:
-1 -1 -1 -1 -1 -1 
-1 -1 -1 -1 -1 -1 
-1 -1 -1 -1 -1 -1 
-1 -1 -1 -1 -1 -1 
Initialized 2D vector 2:
5 4 5 -1 -1 -1 
4 3 4 5 6 -1 
3 2 3 4 5 6 
4 3 4 5 6 -1 
6 -2
Initialized 2D vector 0:
3 4 5 -1 -1 -1 
2 -1 -1 -1 -1 -1 
1 -1 -1 -1 -1 -1 
0 1 2 -1 -1 -1 
Initialized 2D vector 1:
-1 -1 -1 -1 -1 -1 
-1 -1 -1 -1 -1 -1 
-1 -1 -1 -1 -1 -1 
-1 -1 -1 -1 -1 -1 
Initialized 2D vector 2:
5 4 5 -1 -1 -1 
4 3 4 5 6 -1 
3 2 3 4 5 6 
4 3 4 5 6 -1 
6 -2
Initialized 2D vector 0:
3 4 5 -1 -1 -1 
2 -1 -1 -1 -1 -1 
1 -1 -1 -1 -1 -1 
0 1 2 -1 -1 -1 
Initialized 2D vector 1:
-1 -1 -1 -1 -1 -1 
-1 -1 -1 -1 -1 -1 
-1 -1 -1 -1 -1 -1 
-1 -1 -1 -1 -1 -1 
Initialized 2D vector 2:
5 4 5 6 -1 -1 
4 3 4 5 6 -1 
3 2 3 4 5 6 
4 3 4 5 6 -1 
6 -2
Initialized 2D vector 0:
3 4 5 -1 -1 -1 
2 -1 -1 -1 -1 -1 
1 -1 -1 -1 -1 -1 
0 1 2 -1 -1 -1 
Initialized 2D vector 1:
-1 -1 -1 -1 -1 -1 
-1 -1 -1 -1 -1 -1 
-1 -1 -1 -1 -1 -1 
-1 -1 -1 -1 -1 -1 
Initialized 2D vector 2:
5 4 5 6 -1 -1 
4 3 4 5 6 -1 
3 2 3 4 5 6 
4 3 4 5 6 -1 
6 -2
Initialized 2D vector 0:
3 4 5 -1 -1 -1 
2 -1 -1 -1 -1 -1 
1 -1 -1 -1 -1 -1 
0 1 2 -1 -1 -1 
Initialized 2D vector 1:
-1 -1 -1 -1 -1 -1 
-1 -1 -1 -1 -1 -1 
-1 -1 -1 -1 -1 -1 
-1 -1 -1 -1 -1 -1 
Initialized 2D vector 2:
5 4 5 6 -1 -1 
4 3 4 5 6 -1 
3 2 3 4 5 6 
4 3 4 5 6 -1 
6 -2
Initialized 2D vector 0:
3 4 5 -1 -1 -1 
2 -1 -1 -1 -1 -1 
1 -1 -1 -1 -1 -1 
0 1 2 -1 -1 -1 
Initialized 2D vector 1:
-1 -1 -1 -1 -1 -1 
-1 -1 -1 -1 -1 -1 
-1 -1 -1 -1 -1 -1 
-1 -1 -1 -1 -1 -1 
Initialized 2D vector 2:
5 4 5 6 -1 -1 
4 3 4 5 6 -1 
3 2 3 4 5 6 
4 3 4 5 6 -1 
6 -2
Initialized 2D vector 0:
3 4 5 -1 -1 -1 
2 -1 -1 -1 -1 -1 
1 -1 -1 -1 -1 -1 
0 1 2 -1 -1 -1 
Initialized 2D vector 1:
-1 -1 -1 -1 -1 -1 
-1 -1 -1 -1 -1 -1 
-1 -1 -1 -1 -1 -1 
-1 -1 -1 -1 -1 -1 
Initialized 2D vector 2:
5 4 5 6 -1 -1 
4 3 4 5 6 -1 
3 2 3 4 5 6 
4 3 4 5 6 -1 
6 -2
Initialized 2D vector 0:
3 4 5 -1 -1 -1 
2 -1 -1 -1 -1 -1 
1 -1 -1 -1 -1 -1 
0 1 2 -1 -1 -1 
Initialized 2D vector 1:
-1 -1 -1 -1 -1 -1 
-1 -1 -1 -1 -1 -1 
-1 -1 -1 -1 -1 -1 
-1 -1 -1 -1 -1 -1 
Initialized 2D vector 2:
5 4 5 6 -1 -1 
4 3 4 5 6 -1 
3 2 3 4 5 6 
4 3 4 5 6 -1 
6 -2
Initialized 2D vector 0:
3 4 5 -1 -1 -1 
2 -1 -1 -1 -1 -1 
1 -1 -1 -1 -1 -1 
0 1 2 -1 -1 -1 
Initialized 2D vector 1:
-1 -1 -1 -1 -1 -1 
-1 -1 -1 -1 -1 -1 
-1 -1 -1 -1 -1 -1 
-1 -1 -1 -1 -1 -1 
Initialized 2D vector 2:
5 4 5 6 -1 -1 
4 3 4 5 6 -1 
3 2 3 4 5 6 
4 3 4 5 6 -1 
6 -2
Initialized 2D vector 0:
3 4 5 -1 -1 -1 
2 -1 -1 -1 -1 -1 
1 -1 -1 -1 -1 -1 
0 1 2 -1 -1 -1 
Initialized 2D vector 1:
-1 -1 -1 -1 -1 -1 
-1 -1 -1 -1 -1 -1 
-1 -1 -1 -1 -1 -1 
-1 -1 -1 -1 -1 -1 
Initialized 2D vector 2:
5 4 5 6 -1 -1 
4 3 4 5 6 -1 
3 2 3 4 5 6 
4 3 4 5 6 -1 
6 -2
Initialized 2D vector 0:
3 4 5 -1 -1 -1 
2 -1 -1 -1 -1 -1 
1 -1 -1 -1 -1 -1 
0 1 2 -1 -1 -1 
Initialized 2D vector 1:
-1 -1 -1 -1 -1 -1 
-1 -1 -1 -1 -1 -1 
-1 -1 -1 -1 -1 -1 
-1 -1 -1 -1 -1 -1 
Initialized 2D vector 2:
5 4 5 6 -1 -1 
4 3 4 5 6 -1 
3 2 3 4 5 6 
4 3 4 5 6 -1 
6 -2
Initialized 2D vector 0:
3 4 5 -1 -1 -1 
2 -1 -1 -1 -1 -1 
1 -1 -1 -1 -1 -1 
0 1 2 -1 -1 -1 
Initialized 2D vector 1:
-1 -1 -1 -1 -1 -1 
-1 -1 -1 -1 -1 -1 
-1 -1 -1 -1 -1 -1 
-1 -1 -1 -1 -1 -1 
Initialized 2D vector 2:
5 4 5 6 -1 -1 
4 3 4 5 6 -1 
3 2 3 4 5 6 
4 3 4 5 6 -1 
6 -2
Initialized 2D vector 0:
3 4 5 -1 -1 -1 
2 -1 -1 -1 -1 -1 
1 -1 -1 -1 -1 -1 
0 1 2 -1 -1 -1 
Initialized 2D vector 1:
-1 -1 -1 -1 -1 -1 
-1 -1 -1 -1 -1 -1 
-1 -1 -1 -1 -1 -1 
-1 -1 -1 -1 -1 -1 
Initialized 2D vector 2:
5 4 5 6 -1 -1 
4 3 4 5 6 -1 
3 2 3 4 5 6 
4 3 4 5 6 -1 
6 -2
Initialized 2D vector 0:
3 4 5 -1 -1 -1 
2 -1 -1 -1 -1 -1 
1 -1 -1 -1 -1 -1 
0 1 2 -1 -1 -1 
Initialized 2D vector 1:
-1 -1 -1 -1 -1 -1 
-1 -1 -1 -1 -1 -1 
-1 -1 -1 -1 -1 -1 
-1 -1 -1 -1 -1 -1 
Initialized 2D vector 2:
5 4 5 6 -1 -1 
4 3 4 5 6 -1 
3 2 3 4 5 6 
4 3 4 5 6 -1 
6 -2
Initialized 2D vector 0:
3 4 5 -1 -1 -1 
2 -1 -1 -1 -1 -1 
1 -1 -1 -1 -1 -1 
0 1 2 -1 -1 -1 
Initialized 2D vector 1:
-1 -1 -1 -1 -1 -1 
-1 -1 -1 -1 -1 -1 
-1 -1 -1 -1 -1 -1 
-1 -1 -1 -1 -1 -1 
Initialized 2D vector 2:
5 4 5 6 -1 -1 
4 3 4 5 6 -1 
3 2 3 4 5 6 
4 3 4 5 6 -1 
6 -2
Initialized 2D vector 0:
3 4 5 -1 -1 -1 
2 -1 -1 -1 -1 -1 
1 -1 -1 -1 -1 -1 
0 1 2 -1 -1 -1 
Initialized 2D vector 1:
-1 -1 -1 -1 -1 -1 
-1 -1 -1 -1 -1 -1 
-1 -1 -1 -1 -1 -1 
-1 -1 -1 -1 -1 -1 
Initialized 2D vector 2:
5 4 5 6 -1 -1 
4 3 4 5 6 -1 
3 2 3 4 5 6 
4 3 4 5 6 -1 
6 -2
Initialized 2D vector 0:
3 4 5 -1 -1 -1 
2 -1 -1 -1 -1 -1 
1 -1 -1 -1 -1 -1 
0 1 2 -1 -1 -1 
Initialized 2D vector 1:
-1 -1 -1 -1 -1 -1 
-1 -1 -1 -1 -1 -1 
-1 -1 -1 -1 -1 -1 
-1 -1 -1 -1 -1 -1 
Initialized 2D vector 2:
5 4 5 6 -1 -1 
4 3 4 5 6 -1 
3 2 3 4 5 6 
4 3 4 5 6 -1 
6 -2
Initialized 2D vector 0:
3 4 5 -1 -1 -1 
2 -1 -1 -1 -1 -1 
1 -1 -1 -1 -1 -1 
0 1 2 -1 -1 -1 
Initialized 2D vector 1:
-1 -1 -1 -1 -1 -1 
-1 -1 -1 -1 -1 -1 
-1 -1 -1 -1 -1 -1 
-1 -1 -1 -1 -1 -1 
Initialized 2D vector 2:
5 4 5 6 -1 -1 
4 3 4 5 6 -1 
3 2 3 4 5 6 
4 3 4 5 6 -1 
6 -2
Initialized 2D vector 0:
3 4 5 -1 -1 -1 
2 -1 -1 -1 -1 -1 
1 -1 -1 -1 -1 -1 
0 1 2 -1 -1 -1 
Initialized 2D vector 1:
-1 -1 -1 -1 -1 -1 
-1 -1 -1 -1 -1 -1 
-1 -1 -1 -1 -1 -1 
-1 -1 -1 -1 -1 -1 
Initialized 2D vector 2:
5 4 5 6 -1 -1 
4 3 4 5 6 -1 
3 2 3 4 5 6 
4 3 4 5 6 -1 
6 -2
Initialized 2D vector 0:
3 4 5 -1 -1 -1 
2 -1 -1 -1 -1 -1 
1 -1 -1 -1 -1 -1 
0 1 2 -1 -1 -1 
Initialized 2D vector 1:
-1 -1 -1 -1 -1 -1 
-1 -1 -1 -1 -1 -1 
-1 -1 -1 -1 -1 -1 
-1 -1 -1 -1 -1 -1 
Initialized 2D vector 2:
5 4 5 6 -1 -1 
4 3 4 5 6 -1 
3 2 3 4 5 6 
4 3 4 5 6 -1 
6 -2
Initialized 2D vector 0:
3 4 5 -1 -1 -1 
2 -1 -1 -1 -1 -1 
1 -1 -1 -1 -1 -1 
0 1 2 -1 -1 -1 
Initialized 2D vector 1:
-1 -1 -1 -1 -1 -1 
-1 -1 -1 -1 -1 -1 
-1 -1 -1 -1 -1 -1 
-1 -1 -1 -1 -1 -1 
Initialized 2D vector 2:
5 4 5 6 -1 -1 
4 3 4 5 6 -1 
3 2 3 4 5 6 
4 3 4 5 6 -1 
6 -2
Initialized 2D vector 0:
3 4 5 -1 -1 -1 
2 -1 -1 -1 -1 -1 
1 -1 -1 -1 -1 -1 
0 1 2 -1 -1 -1 
Initialized 2D vector 1:
-1 -1 -1 -1 -1 -1 
-1 -1 -1 -1 -1 -1 
-1 -1 -1 -1 -1 -1 
-1 -1 -1 -1 -1 -1 
Initialized 2D vector 2:
5 4 5 6 -1 -1 
4 3 4 5 6 -1 
3 2 3 4 5 6 
4 3 4 5 6 -1 
6 -2
Initialized 2D vector 0:
3 4 5 -1 -1 -1 
2 -1 -1 -1 -1 -1 
1 -1 -1 -1 -1 -1 
0 1 2 -1 -1 -1 
Initialized 2D vector 1:
-1 -1 -1 -1 -1 -1 
-1 -1 -1 -1 -1 -1 
-1 -1 -1 -1 -1 -1 
-1 -1 -1 -1 -1 -1 
Initialized 2D vector 2:
5 4 5 6 -1 -1 
4 3 4 5 6 -1 
3 2 3 4 5 6 
4 3 4 5 6 -1 
6 -2
Initialized 2D vector 0:
3 4 5 -1 -1 -1 
2 -1 -1 -1 -1 -1 
1 -1 -1 -1 -1 -1 
0 1 2 -1 -1 -1 
Initialized 2D vector 1:
-1 -1 -1 -1 -1 -1 
-1 -1 -1 -1 -1 -1 
-1 -1 -1 -1 -1 -1 
-1 -1 -1 -1 -1 -1 
Initialized 2D vector 2:
5 4 5 6 -1 -1 
4 3 4 5 6 -1 
3 2 3 4 5 6 
4 3 4 5 6 -1 
6 -2
Initialized 2D vector 0:
3 4 5 -1 -1 -1 
2 -1 -1 -1 -1 -1 
1 -1 -1 -1 -1 -1 
0 1 2 -1 -1 -1 
Initialized 2D vector 1:
-1 -1 -1 -1 -1 -1 
-1 -1 -1 -1 -1 -1 
-1 -1 -1 -1 -1 -1 
-1 -1 -1 -1 -1 -1 
Initialized 2D vector 2:
5 4 5 6 -1 -1 
4 3 4 5 6 -1 
3 2 3 4 5 6 
4 3 4 5 6 -1 
6 -2
Initialized 2D vector 0:
3 4 5 -1 -1 -1 
2 -1 -1 -1 -1 -1 
1 -1 -1 -1 -1 -1 
0 1 2 -1 -1 -1 
Initialized 2D vector 1:
-1 -1 -1 -1 -1 -1 
-1 -1 -1 -1 -1 -1 
-1 -1 -1 -1 -1 -1 
-1 -1 -1 -1 -1 -1 
Initialized 2D vector 2:
5 4 5 6 -1 -1 
4 3 4 5 6 -1 
3 2 3 4 5 6 
4 3 4 5 6 -1 
6 -2
Initialized 2D vector 0:
3 4 5 -1 -1 -1 
2 -1 -1 -1 -1 -1 
1 -1 -1 -1 -1 -1 
0 1 2 -1 -1 -1 
Initialized 2D vector 1:
-1 -1 -1 -1 -1 -1 
-1 -1 -1 -1 -1 -1 
-1 -1 -1 -1 -1 -1 
-1 -1 -1 -1 -1 -1 
Initialized 2D vector 2:
5 4 5 6 -1 -1 
4 3 4 5 6 -1 
3 2 3 4 5 6 
4 3 4 5 6 -1 
6 -2
Initialized 2D vector 0:
3 4 5 -1 -1 -1 
2 -1 -1 -1 -1 -1 
1 -1 -1 -1 -1 -1 
0 1 2 -1 -1 -1 
Initialized 2D vector 1:
-1 -1 -1 -1 -1 -1 
-1 -1 -1 -1 -1 -1 
-1 -1 -1 -1 -1 -1 
-1 -1 -1 -1 -1 -1 
Initialized 2D vector 2:
5 4 5 6 -1 -1 
4 3 4 5 6 -1 
3 2 3 4 5 6 
4 3 4 5 6 -1 
6 0
Initialized 2D vector 0:
3 4 5 6 -1 -1 
2 -1 -1 -1 -1 -1 
1 -1 -1 -1 -1 -1 
0 1 2 -1 -1 -1 
Initialized 2D vector 1:
-1 -1 -1 -1 -1 -1 
-1 -1 -1 -1 -1 -1 
-1 -1 -1 -1 -1 -1 
-1 -1 -1 -1 -1 -1 
Initialized 2D vector 2:
5 4 5 6 -1 -1 
4 3 4 5 6 -1 
3 2 3 4 5 6 
4 3 4 5 6 -1 
6 -2
Initialized 2D vector 0:
3 4 5 6 -1 -1 
2 -1 -1 -1 -1 -1 
1 -1 -1 -1 -1 -1 
0 1 2 -1 -1 -1 
Initialized 2D vector 1:
-1 -1 -1 -1 -1 -1 
-1 -1 -1 -1 -1 -1 
-1 -1 -1 -1 -1 -1 
-1 -1 -1 -1 -1 -1 
Initialized 2D vector 2:
5 4 5 6 -1 -1 
4 3 6 5 6 -1 
3 2 3 4 5 6 
4 3 4 5 6 -1 
7 -1
Initialized 2D vector 0:
3 4 5 6 -1 -1 
2 -1 -1 -1 -1 -1 
1 -1 -1 -1 -1 -1 
0 1 2 -1 -1 -1 
Initialized 2D vector 1:
-1 -1 -1 -1 -1 -1 
-1 -1 -1 -1 -1 -1 
-1 -1 -1 -1 -1 -1 
-1 -1 -1 -1 -1 7 
Initialized 2D vector 2:
5 4 5 6 -1 -1 
4 3 6 5 6 -1 
3 2 3 4 5 6 
4 3 4 5 6 -1 
7 -1
Initialized 2D vector 0:
3 4 5 6 -1 -1 
2 -1 -1 -1 -1 -1 
1 -1 -1 -1 -1 -1 
0 1 2 -1 -1 -1 
Initialized 2D vector 1:
-1 -1 -1 -1 -1 -1 
-1 -1 -1 -1 -1 -1 
-1 -1 -1 -1 -1 -1 
-1 -1 -1 -1 -1 7 
Initialized 2D vector 2:
5 4 5 6 -1 -1 
4 3 6 5 6 -1 
3 2 3 4 5 6 
4 3 4 5 6 -1 
7 -1
Initialized 2D vector 0:
3 4 5 6 -1 -1 
2 -1 -1 -1 -1 -1 
1 -1 -1 -1 -1 -1 
0 1 2 -1 -1 -1 
Initialized 2D vector 1:
-1 -1 -1 -1 -1 -1 
-1 -1 -1 -1 -1 -1 
-1 -1 -1 -1 -1 -1 
-1 -1 -1 -1 -1 7 
Initialized 2D vector 2:
5 4 5 6 -1 -1 
4 3 6 5 6 -1 
3 2 3 4 5 6 
4 3 4 5 6 -1 
7 -1
Initialized 2D vector 0:
3 4 5 6 -1 -1 
2 -1 -1 -1 -1 -1 
1 -1 -1 -1 -1 -1 
0 1 2 -1 -1 -1 
Initialized 2D vector 1:
-1 -1 -1 -1 -1 -1 
-1 -1 -1 -1 -1 -1 
-1 -1 -1 -1 -1 -1 
-1 -1 -1 -1 -1 7 
Initialized 2D vector 2:
5 4 5 6 -1 -1 
4 3 6 5 6 -1 
3 2 3 4 5 6 
4 3 4 5 6 -1 
7 -1
Initialized 2D vector 0:
3 4 5 6 -1 -1 
2 -1 -1 -1 -1 -1 
1 -1 -1 -1 -1 -1 
0 1 2 -1 -1 -1 
Initialized 2D vector 1:
-1 -1 -1 -1 -1 -1 
-1 -1 -1 -1 -1 -1 
-1 -1 -1 -1 -1 -1 
-1 -1 -1 -1 -1 7 
Initialized 2D vector 2:
5 4 5 6 -1 -1 
4 3 6 5 6 -1 
3 2 3 4 5 6 
4 3 4 5 6 -1 
7 -1
Initialized 2D vector 0:
3 4 5 6 -1 -1 
2 -1 -1 -1 -1 -1 
1 -1 -1 -1 -1 -1 
0 1 2 -1 -1 -1 
Initialized 2D vector 1:
-1 -1 -1 -1 -1 -1 
-1 -1 -1 -1 -1 -1 
-1 -1 -1 -1 -1 -1 
-1 -1 -1 -1 -1 7 
Initialized 2D vector 2:
5 4 5 6 -1 -1 
4 3 6 5 6 -1 
3 2 3 4 5 6 
4 3 4 5 6 -1 
7 -1
Initialized 2D vector 0:
3 4 5 6 -1 -1 
2 -1 -1 -1 -1 -1 
1 -1 -1 -1 -1 -1 
0 1 2 -1 -1 -1 
Initialized 2D vector 1:
-1 -1 -1 -1 -1 -1 
-1 -1 -1 -1 -1 -1 
-1 -1 -1 -1 -1 -1 
-1 -1 -1 -1 -1 7 
Initialized 2D vector 2:
5 4 5 6 -1 -1 
4 3 6 5 6 -1 
3 2 3 4 5 6 
4 3 4 5 6 -1 
7 -1
Initialized 2D vector 0:
3 4 5 6 -1 -1 
2 -1 -1 -1 -1 -1 
1 -1 -1 -1 -1 -1 
0 1 2 -1 -1 -1 
Initialized 2D vector 1:
-1 -1 -1 -1 -1 -1 
-1 -1 -1 -1 -1 -1 
-1 -1 -1 -1 -1 -1 
-1 -1 -1 -1 -1 7 
Initialized 2D vector 2:
5 4 5 6 -1 -1 
4 3 6 5 6 -1 
3 2 3 4 5 6 
4 3 4 5 6 -1 
7 -1
Initialized 2D vector 0:
3 4 5 6 -1 -1 
2 -1 -1 -1 -1 -1 
1 -1 -1 -1 -1 -1 
0 1 2 -1 -1 -1 
Initialized 2D vector 1:
-1 -1 -1 -1 -1 -1 
-1 -1 -1 -1 -1 -1 
-1 -1 -1 -1 -1 -1 
-1 -1 -1 -1 -1 7 
Initialized 2D vector 2:
5 4 5 6 -1 -1 
4 3 6 5 6 -1 
3 2 3 4 5 6 
4 3 4 5 6 -1 
7 -1
Initialized 2D vector 0:
3 4 5 6 -1 -1 
2 -1 -1 -1 -1 -1 
1 -1 -1 -1 -1 -1 
0 1 2 -1 -1 -1 
Initialized 2D vector 1:
-1 -1 -1 -1 -1 -1 
-1 -1 -1 -1 -1 -1 
-1 -1 -1 -1 -1 -1 
-1 -1 -1 -1 -1 7 
Initialized 2D vector 2:
5 4 5 6 -1 -1 
4 3 6 5 6 -1 
3 2 3 4 5 6 
4 3 4 5 6 -1 
7 0
Initialized 2D vector 0:
3 4 5 6 -1 -1 
2 -1 -1 7 -1 -1 
1 -1 -1 -1 -1 -1 
0 1 2 -1 -1 -1 
Initialized 2D vector 1:
-1 -1 -1 -1 -1 -1 
-1 -1 -1 -1 -1 -1 
-1 -1 -1 -1 -1 -1 
-1 -1 -1 -1 -1 7 
Initialized 2D vector 2:
5 4 5 6 -1 -1 
4 3 6 5 6 -1 
3 2 3 4 5 6 
4 3 4 5 6 -1 
8 -1
Initialized 2D vector 0:
3 4 5 6 -1 -1 
2 -1 -1 7 -1 -1 
1 -1 -1 -1 -1 -1 
0 1 2 -1 -1 -1 
Initialized 2D vector 1:
-1 -1 -1 -1 -1 -1 
-1 -1 -1 -1 -1 -1 
-1 -1 -1 -1 -1 -1 
-1 -1 -1 -1 8 7 
Initialized 2D vector 2:
5 4 5 6 -1 -1 
4 3 6 5 6 -1 
3 2 3 4 5 6 
4 3 4 5 6 -1 
8 -1
Initialized 2D vector 0:
3 4 5 6 -1 -1 
2 -1 -1 7 -1 -1 
1 -1 -1 -1 -1 -1 
0 1 2 -1 -1 -1 
Initialized 2D vector 1:
-1 -1 -1 -1 -1 -1 
-1 -1 -1 -1 -1 -1 
-1 -1 -1 -1 -1 -1 
-1 -1 -1 -1 8 7 
Initialized 2D vector 2:
5 4 5 6 -1 -1 
4 3 6 5 6 -1 
3 2 3 4 5 6 
4 3 4 5 6 -1 
8 -1
Initialized 2D vector 0:
3 4 5 6 -1 -1 
2 -1 -1 7 -1 -1 
1 -1 -1 -1 -1 -1 
0 1 2 -1 -1 -1 
Initialized 2D vector 1:
-1 -1 -1 -1 -1 -1 
-1 -1 -1 -1 -1 -1 
-1 -1 -1 -1 -1 -1 
-1 -1 -1 -1 8 7 
Initialized 2D vector 2:
5 4 5 6 -1 -1 
4 3 6 5 6 -1 
3 2 3 4 5 6 
4 3 4 5 6 -1 
8 -1
Initialized 2D vector 0:
3 4 5 6 -1 -1 
2 -1 -1 7 -1 -1 
1 -1 -1 -1 -1 -1 
0 1 2 -1 -1 -1 
Initialized 2D vector 1:
-1 -1 -1 -1 -1 -1 
-1 -1 -1 -1 -1 -1 
-1 -1 -1 -1 -1 -1 
-1 -1 -1 -1 8 7 
Initialized 2D vector 2:
5 4 5 6 -1 -1 
4 3 6 5 6 -1 
3 2 3 4 5 6 
4 3 4 5 6 -1 
8 -1
Initialized 2D vector 0:
3 4 5 6 -1 -1 
2 -1 -1 7 -1 -1 
1 -1 -1 -1 -1 -1 
0 1 2 -1 -1 -1 
Initialized 2D vector 1:
-1 -1 -1 -1 -1 -1 
-1 -1 -1 -1 -1 -1 
-1 -1 -1 -1 -1 -1 
-1 -1 -1 -1 8 7 
Initialized 2D vector 2:
5 4 5 6 -1 -1 
4 3 6 5 6 -1 
3 2 3 4 5 6 
4 3 4 5 6 -1 
8 -1
Initialized 2D vector 0:
3 4 5 6 -1 -1 
2 -1 -1 7 -1 -1 
1 -1 -1 -1 -1 -1 
0 1 2 -1 -1 -1 
Initialized 2D vector 1:
-1 -1 -1 -1 -1 -1 
-1 -1 -1 -1 -1 -1 
-1 -1 -1 -1 -1 -1 
-1 -1 -1 -1 8 7 
Initialized 2D vector 2:
5 4 5 6 -1 -1 
4 3 6 5 6 -1 
3 2 3 4 5 6 
4 3 4 5 6 -1 
8 -1
Initialized 2D vector 0:
3 4 5 6 -1 -1 
2 -1 -1 7 -1 -1 
1 -1 -1 -1 -1 -1 
0 1 2 -1 -1 -1 
Initialized 2D vector 1:
-1 -1 -1 -1 -1 -1 
-1 -1 -1 -1 -1 -1 
-1 -1 -1 -1 -1 -1 
-1 -1 -1 -1 8 7 
Initialized 2D vector 2:
5 4 5 6 -1 -1 
4 3 6 5 6 -1 
3 2 3 4 5 6 
4 3 4 5 6 -1 
8 -1
Initialized 2D vector 0:
3 4 5 6 -1 -1 
2 -1 -1 7 -1 -1 
1 -1 -1 -1 -1 -1 
0 1 2 -1 -1 -1 
Initialized 2D vector 1:
-1 -1 -1 -1 -1 -1 
-1 -1 -1 -1 -1 -1 
-1 -1 -1 -1 -1 -1 
-1 -1 -1 -1 8 7 
Initialized 2D vector 2:
5 4 5 6 -1 -1 
4 3 6 5 6 -1 
3 2 3 4 5 6 
4 3 4 5 6 -1 
8 -1
Initialized 2D vector 0:
3 4 5 6 -1 -1 
2 -1 -1 7 -1 -1 
1 -1 -1 -1 -1 -1 
0 1 2 -1 -1 -1 
Initialized 2D vector 1:
-1 -1 -1 -1 -1 -1 
-1 -1 -1 -1 -1 -1 
-1 -1 -1 -1 -1 -1 
-1 -1 -1 -1 8 7 
Initialized 2D vector 2:
5 4 5 6 -1 -1 
4 3 6 5 6 -1 
3 2 3 4 5 6 
4 3 4 5 6 -1 
8 -1
Initialized 2D vector 0:
3 4 5 6 -1 -1 
2 -1 -1 7 -1 -1 
1 -1 -1 -1 -1 -1 
0 1 2 -1 -1 -1 
Initialized 2D vector 1:
-1 -1 -1 -1 -1 -1 
-1 -1 -1 -1 -1 -1 
-1 -1 -1 -1 -1 -1 
-1 -1 -1 -1 8 7 
Initialized 2D vector 2:
5 4 5 6 -1 -1 
4 3 6 5 6 -1 
3 2 3 4 5 6 
4 3 4 5 6 -1 
8 -2
Initialized 2D vector 0:
3 4 5 6 -1 -1 
2 -1 -1 7 -1 -1 
1 -1 -1 -1 -1 -1 
0 1 2 -1 -1 -1 
Initialized 2D vector 1:
-1 -1 -1 -1 -1 -1 
-1 -1 -1 -1 -1 -1 
-1 -1 -1 -1 -1 -1 
-1 -1 -1 -1 8 7 
Initialized 2D vector 2:
5 4 5 6 -1 -1 
4 3 8 5 6 -1 
3 2 3 4 5 6 
4 3 4 5 6 -1 
8 0
Initialized 2D vector 0:
3 4 5 6 -1 -1 
2 -1 -1 7 -1 -1 
1 -1 -1 8 -1 -1 
0 1 2 -1 -1 -1 
Initialized 2D vector 1:
-1 -1 -1 -1 -1 -1 
-1 -1 -1 -1 -1 -1 
-1 -1 -1 -1 -1 -1 
-1 -1 -1 -1 8 7 
Initialized 2D vector 2:
5 4 5 6 -1 -1 
4 3 8 5 6 -1 
3 2 3 4 5 6 
4 3 4 5 6 -1 
9 -1
Initialized 2D vector 0:
3 4 5 6 -1 -1 
2 -1 -1 7 -1 -1 
1 -1 -1 8 -1 -1 
0 1 2 -1 -1 -1 
Initialized 2D vector 1:
-1 -1 -1 -1 -1 -1 
-1 -1 -1 -1 -1 -1 
-1 -1 -1 -1 9 -1 
-1 -1 -1 -1 8 7 
Initialized 2D vector 2:
5 4 5 6 -1 -1 
4 3 8 5 6 -1 
3 2 3 4 5 6 
4 3 4 5 6 -1 
9 -1
Initialized 2D vector 0:
3 4 5 6 -1 -1 
2 -1 -1 7 -1 -1 
1 -1 -1 8 -1 -1 
0 1 2 -1 -1 -1 
Initialized 2D vector 1:
-1 -1 -1 -1 -1 -1 
-1 -1 -1 -1 -1 -1 
-1 -1 -1 -1 9 -1 
-1 -1 -1 -1 8 7 
Initialized 2D vector 2:
5 4 5 6 -1 -1 
4 3 8 5 6 -1 
3 2 3 4 5 6 
4 3 4 5 6 -1 
9 -1
Initialized 2D vector 0:
3 4 5 6 -1 -1 
2 -1 -1 7 -1 -1 
1 -1 -1 8 -1 -1 
0 1 2 -1 -1 -1 
Initialized 2D vector 1:
-1 -1 -1 -1 -1 -1 
-1 -1 -1 -1 -1 -1 
-1 -1 -1 -1 9 -1 
-1 -1 -1 -1 8 7 
Initialized 2D vector 2:
5 4 5 6 -1 -1 
4 3 8 5 6 -1 
3 2 3 4 5 6 
4 3 4 5 6 -1 
9 -1
Initialized 2D vector 0:
3 4 5 6 -1 -1 
2 -1 -1 7 -1 -1 
1 -1 -1 8 -1 -1 
0 1 2 -1 -1 -1 
Initialized 2D vector 1:
-1 -1 -1 -1 -1 -1 
-1 -1 -1 -1 -1 -1 
-1 -1 -1 -1 9 -1 
-1 -1 -1 -1 8 7 
Initialized 2D vector 2:
5 4 5 6 -1 -1 
4 3 8 5 6 -1 
3 2 3 4 5 6 
4 3 4 5 6 -1 
9 -1
Initialized 2D vector 0:
3 4 5 6 -1 -1 
2 -1 -1 7 -1 -1 
1 -1 -1 8 -1 -1 
0 1 2 -1 -1 -1 
Initialized 2D vector 1:
-1 -1 -1 -1 -1 -1 
-1 -1 -1 -1 -1 -1 
-1 -1 -1 -1 9 -1 
-1 -1 -1 -1 8 7 
Initialized 2D vector 2:
5 4 5 6 -1 -1 
4 3 8 5 6 -1 
3 2 3 4 5 6 
4 3 4 5 6 -1 
9 -1
Initialized 2D vector 0:
3 4 5 6 -1 -1 
2 -1 -1 7 -1 -1 
1 -1 -1 8 -1 -1 
0 1 2 -1 -1 -1 
Initialized 2D vector 1:
-1 -1 -1 -1 -1 -1 
-1 -1 -1 -1 -1 -1 
-1 -1 -1 -1 9 -1 
-1 -1 -1 -1 8 7 
Initialized 2D vector 2:
5 4 5 6 -1 -1 
4 3 8 5 6 -1 
3 2 3 4 5 6 
4 3 4 5 6 -1 
9 -1
Initialized 2D vector 0:
3 4 5 6 -1 -1 
2 -1 -1 7 -1 -1 
1 -1 -1 8 -1 -1 
0 1 2 -1 -1 -1 
Initialized 2D vector 1:
-1 -1 -1 -1 -1 -1 
-1 -1 -1 -1 -1 -1 
-1 -1 -1 -1 9 -1 
-1 -1 -1 -1 8 7 
Initialized 2D vector 2:
5 4 5 6 -1 -1 
4 3 8 5 6 -1 
3 2 3 4 5 6 
4 3 4 5 6 -1 
9 -1
Initialized 2D vector 0:
3 4 5 6 -1 -1 
2 -1 -1 7 -1 -1 
1 -1 -1 8 -1 -1 
0 1 2 -1 -1 -1 
Initialized 2D vector 1:
-1 -1 -1 -1 -1 -1 
-1 -1 -1 -1 -1 -1 
-1 -1 -1 -1 9 -1 
-1 -1 -1 -1 8 7 
Initialized 2D vector 2:
5 4 5 6 -1 -1 
4 3 8 5 6 -1 
3 2 3 4 5 6 
4 3 4 5 6 -1 
9 -1
Initialized 2D vector 0:
3 4 5 6 -1 -1 
2 -1 -1 7 -1 -1 
1 -1 -1 8 -1 -1 
0 1 2 -1 -1 -1 
Initialized 2D vector 1:
-1 -1 -1 -1 -1 -1 
-1 -1 -1 -1 -1 -1 
-1 -1 -1 -1 9 -1 
-1 -1 -1 -1 8 7 
Initialized 2D vector 2:
5 4 5 6 -1 -1 
4 3 8 5 6 -1 
3 2 3 4 5 6 
4 3 4 5 6 -1 
9 -1
Initialized 2D vector 0:
3 4 5 6 -1 -1 
2 -1 -1 7 -1 -1 
1 -1 -1 8 -1 -1 
0 1 2 -1 -1 -1 
Initialized 2D vector 1:
-1 -1 -1 -1 -1 -1 
-1 -1 -1 -1 -1 -1 
-1 -1 -1 -1 9 -1 
-1 -1 -1 -1 8 7 
Initialized 2D vector 2:
5 4 5 6 -1 -1 
4 3 8 5 6 -1 
3 2 3 4 5 6 
4 3 4 5 6 -1 
9 0
Initialized 2D vector 0:
3 4 5 6 -1 -1 
2 -1 -1 7 -1 -1 
1 -1 -1 8 9 -1 
0 1 2 -1 -1 -1 
Initialized 2D vector 1:
-1 -1 -1 -1 -1 -1 
-1 -1 -1 -1 -1 -1 
-1 -1 -1 -1 9 -1 
-1 -1 -1 -1 8 7 
Initialized 2D vector 2:
5 4 5 6 -1 -1 
4 3 8 5 6 -1 
3 2 3 4 5 6 
4 3 4 5 6 -1 
10 -1
Initialized 2D vector 0:
3 4 5 6 -1 -1 
2 -1 -1 7 -1 -1 
1 -1 -1 8 9 -1 
0 1 2 -1 -1 -1 
Initialized 2D vector 1:
-1 -1 -1 -1 -1 -1 
-1 -1 -1 -1 -1 -1 
-1 -1 -1 10 9 -1 
-1 -1 -1 -1 8 7 
Initialized 2D vector 2:
5 4 5 6 -1 -1 
4 3 8 5 6 -1 
3 2 3 4 5 6 
4 3 4 5 6 -1 
10 -1
Initialized 2D vector 0:
3 4 5 6 -1 -1 
2 -1 -1 7 -1 -1 
1 -1 -1 8 9 -1 
0 1 2 -1 -1 -1 
Initialized 2D vector 1:
-1 -1 -1 -1 -1 -1 
-1 -1 -1 -1 -1 -1 
-1 -1 -1 10 9 -1 
-1 -1 -1 -1 8 7 
Initialized 2D vector 2:
5 4 5 6 -1 -1 
4 3 8 5 6 -1 
3 2 3 4 5 6 
4 3 4 5 6 -1 
10 -1
Initialized 2D vector 0:
3 4 5 6 -1 -1 
2 -1 -1 7 -1 -1 
1 -1 -1 8 9 -1 
0 1 2 -1 -1 -1 
Initialized 2D vector 1:
-1 -1 -1 -1 -1 -1 
-1 -1 -1 -1 -1 -1 
-1 -1 -1 10 9 -1 
-1 -1 -1 -1 8 7 
Initialized 2D vector 2:
5 4 5 6 -1 -1 
4 3 8 5 6 -1 
3 2 3 4 5 6 
4 3 4 5 6 -1 
10 -1
Initialized 2D vector 0:
3 4 5 6 -1 -1 
2 -1 -1 7 -1 -1 
1 -1 -1 8 9 -1 
0 1 2 -1 -1 -1 
Initialized 2D vector 1:
-1 -1 -1 -1 -1 -1 
-1 -1 -1 -1 -1 -1 
-1 -1 -1 10 9 -1 
-1 -1 -1 -1 8 7 
Initialized 2D vector 2:
5 4 5 6 -1 -1 
4 3 8 5 6 -1 
3 2 3 4 5 6 
4 3 4 5 6 -1 
10 -1
Initialized 2D vector 0:
3 4 5 6 -1 -1 
2 -1 -1 7 -1 -1 
1 -1 -1 8 9 -1 
0 1 2 -1 -1 -1 
Initialized 2D vector 1:
-1 -1 -1 -1 -1 -1 
-1 -1 -1 -1 -1 -1 
-1 -1 -1 10 9 -1 
-1 -1 -1 -1 8 7 
Initialized 2D vector 2:
5 4 5 6 -1 -1 
4 3 8 5 6 -1 
3 2 3 4 5 6 
4 3 4 5 6 -1 
10 -1
Initialized 2D vector 0:
3 4 5 6 -1 -1 
2 -1 -1 7 -1 -1 
1 -1 -1 8 9 -1 
0 1 2 -1 -1 -1 
Initialized 2D vector 1:
-1 -1 -1 -1 -1 -1 
-1 -1 -1 -1 -1 -1 
-1 -1 -1 10 9 -1 
-1 -1 -1 -1 8 7 
Initialized 2D vector 2:
5 4 5 6 -1 -1 
4 3 8 5 6 -1 
3 2 3 4 5 6 
4 3 4 5 6 -1 
10 -1
Initialized 2D vector 0:
3 4 5 6 -1 -1 
2 -1 -1 7 -1 -1 
1 -1 -1 8 9 -1 
0 1 2 -1 -1 -1 
Initialized 2D vector 1:
-1 -1 -1 -1 -1 -1 
-1 -1 -1 -1 -1 -1 
-1 -1 -1 10 9 -1 
-1 -1 -1 -1 8 7 
Initialized 2D vector 2:
5 4 5 6 -1 -1 
4 3 8 5 6 -1 
3 2 3 4 5 6 
4 3 4 5 6 -1 
10 -1
Initialized 2D vector 0:
3 4 5 6 -1 -1 
2 -1 -1 7 -1 -1 
1 -1 -1 8 9 -1 
0 1 2 -1 -1 -1 
Initialized 2D vector 1:
-1 -1 -1 -1 -1 -1 
-1 -1 -1 -1 -1 -1 
-1 -1 -1 10 9 -1 
-1 -1 -1 -1 8 7 
Initialized 2D vector 2:
5 4 5 6 -1 -1 
4 3 8 5 6 -1 
3 2 3 4 5 6 
4 3 4 5 6 -1 
10 -1
Initialized 2D vector 0:
3 4 5 6 -1 -1 
2 -1 -1 7 -1 -1 
1 -1 -1 8 9 -1 
0 1 2 -1 -1 -1 
Initialized 2D vector 1:
-1 -1 -1 -1 -1 -1 
-1 -1 -1 -1 -1 -1 
-1 -1 -1 10 9 -1 
-1 -1 -1 -1 8 7 
Initialized 2D vector 2:
5 4 5 6 -1 -1 
4 3 8 5 6 -1 
3 2 3 4 5 6 
4 3 4 5 6 -1 
10 -1
Initialized 2D vector 0:
3 4 5 6 -1 -1 
2 -1 -1 7 -1 -1 
1 -1 -1 8 9 -1 
0 1 2 -1 -1 -1 
Initialized 2D vector 1:
-1 -1 -1 -1 -1 -1 
-1 -1 -1 -1 -1 -1 
-1 -1 -1 10 9 -1 
-1 -1 -1 -1 8 7 
Initialized 2D vector 2:
5 4 5 6 -1 -1 
4 3 8 5 6 -1 
3 2 3 4 5 6 
4 3 4 5 6 -1 
10 0
Initialized 2D vector 0:
3 4 5 6 -1 -1 
2 -1 -1 7 -1 -1 
1 -1 -1 8 9 -1 
0 1 2 -1 10 -1 
Initialized 2D vector 1:
-1 -1 -1 -1 -1 -1 
-1 -1 -1 -1 -1 -1 
-1 -1 -1 10 9 -1 
-1 -1 -1 -1 8 7 
Initialized 2D vector 2:
5 4 5 6 -1 -1 
4 3 8 5 6 -1 
3 2 3 4 5 6 
4 3 4 5 6 -1 
11 -1
Initialized 2D vector 0:
3 4 5 6 -1 -1 
2 -1 -1 7 -1 -1 
1 -1 -1 8 9 -1 
0 1 2 -1 10 -1 
Initialized 2D vector 1:
-1 -1 -1 -1 -1 -1 
-1 -1 -1 11 -1 -1 
-1 -1 -1 10 9 -1 
-1 -1 -1 -1 8 7 
Initialized 2D vector 2:
5 4 5 6 -1 -1 
4 3 8 5 6 -1 
3 2 3 4 5 6 
4 3 4 5 6 -1 
11 -1
Initialized 2D vector 0:
3 4 5 6 -1 -1 
2 -1 -1 7 -1 -1 
1 -1 -1 8 9 -1 
0 1 2 -1 10 -1 
Initialized 2D vector 1:
-1 -1 -1 -1 -1 -1 
-1 -1 -1 11 -1 -1 
-1 -1 -1 10 9 -1 
-1 -1 -1 -1 8 7 
Initialized 2D vector 2:
5 4 5 6 -1 -1 
4 3 8 5 6 -1 
3 2 3 4 5 6 
4 3 4 5 6 -1 
11 -1
Initialized 2D vector 0:
3 4 5 6 -1 -1 
2 -1 -1 7 -1 -1 
1 -1 -1 8 9 -1 
0 1 2 -1 10 -1 
Initialized 2D vector 1:
-1 -1 -1 -1 -1 -1 
-1 -1 -1 11 -1 -1 
-1 -1 -1 10 9 -1 
-1 -1 -1 -1 8 7 
Initialized 2D vector 2:
5 4 5 6 -1 -1 
4 3 8 5 6 -1 
3 2 3 4 5 6 
4 3 4 5 6 -1 
11 -1
Initialized 2D vector 0:
3 4 5 6 -1 -1 
2 -1 -1 7 -1 -1 
1 -1 -1 8 9 -1 
0 1 2 -1 10 -1 
Initialized 2D vector 1:
-1 -1 -1 -1 -1 -1 
-1 -1 -1 11 -1 -1 
-1 -1 -1 10 9 -1 
-1 -1 -1 -1 8 7 
Initialized 2D vector 2:
5 4 5 6 -1 -1 
4 3 8 5 6 -1 
3 2 3 4 5 6 
4 3 4 5 6 -1 
11 -1
Initialized 2D vector 0:
3 4 5 6 -1 -1 
2 -1 -1 7 -1 -1 
1 -1 -1 8 9 -1 
0 1 2 -1 10 -1 
Initialized 2D vector 1:
-1 -1 -1 -1 -1 -1 
-1 -1 -1 11 -1 -1 
-1 -1 -1 10 9 -1 
-1 -1 -1 -1 8 7 
Initialized 2D vector 2:
5 4 5 6 -1 -1 
4 3 8 5 6 -1 
3 2 3 4 5 6 
4 3 4 5 6 -1 
11 -1
Initialized 2D vector 0:
3 4 5 6 -1 -1 
2 -1 -1 7 -1 -1 
1 -1 -1 8 9 -1 
0 1 2 -1 10 -1 
Initialized 2D vector 1:
-1 -1 -1 -1 -1 -1 
-1 -1 -1 11 -1 -1 
-1 -1 -1 10 9 -1 
-1 -1 -1 -1 8 7 
Initialized 2D vector 2:
5 4 5 6 -1 -1 
4 3 8 5 6 -1 
3 2 3 4 5 6 
4 3 4 5 6 -1 
11 -1
Initialized 2D vector 0:
3 4 5 6 -1 -1 
2 -1 -1 7 -1 -1 
1 -1 -1 8 9 -1 
0 1 2 -1 10 -1 
Initialized 2D vector 1:
-1 -1 -1 -1 -1 -1 
-1 -1 -1 11 -1 -1 
-1 -1 -1 10 9 -1 
-1 -1 -1 -1 8 7 
Initialized 2D vector 2:
5 4 5 6 -1 -1 
4 3 8 5 6 -1 
3 2 3 4 5 6 
4 3 4 5 6 -1 
11 -1
Initialized 2D vector 0:
3 4 5 6 -1 -1 
2 -1 -1 7 -1 -1 
1 -1 -1 8 9 -1 
0 1 2 -1 10 -1 
Initialized 2D vector 1:
-1 -1 -1 -1 -1 -1 
-1 -1 -1 11 -1 -1 
-1 -1 -1 10 9 -1 
-1 -1 -1 -1 8 7 
Initialized 2D vector 2:
5 4 5 6 -1 -1 
4 3 8 5 6 -1 
3 2 3 4 5 6 
4 3 4 5 6 -1 
11 -1
Initialized 2D vector 0:
3 4 5 6 -1 -1 
2 -1 -1 7 -1 -1 
1 -1 -1 8 9 -1 
0 1 2 -1 10 -1 
Initialized 2D vector 1:
-1 -1 -1 -1 -1 -1 
-1 -1 -1 11 -1 -1 
-1 -1 -1 10 9 -1 
-1 -1 -1 -1 8 7 
Initialized 2D vector 2:
5 4 5 6 -1 -1 
4 3 8 5 6 -1 
3 2 3 4 5 6 
4 3 4 5 6 -1 
11 -1
Initialized 2D vector 0:
3 4 5 6 -1 -1 
2 -1 -1 7 -1 -1 
1 -1 -1 8 9 -1 
0 1 2 -1 10 -1 
Initialized 2D vector 1:
-1 -1 -1 -1 -1 -1 
-1 -1 -1 11 -1 -1 
-1 -1 -1 10 9 -1 
-1 -1 -1 -1 8 7 
Initialized 2D vector 2:
5 4 5 6 -1 -1 
4 3 8 5 6 -1 
3 2 3 4 5 6 
4 3 4 5 6 -1 
11 -1
Initialized 2D vector 0:
3 4 5 6 -1 -1 
2 -1 -1 7 -1 -1 
1 -1 -1 8 9 -1 
0 1 2 -1 10 -1 
Initialized 2D vector 1:
-1 -1 -1 -1 -1 -1 
-1 -1 -1 11 -1 -1 
-1 -1 -1 10 9 -1 
-1 -1 -1 -1 8 11 
Initialized 2D vector 2:
5 4 5 6 -1 -1 
4 3 8 5 6 -1 
3 2 3 4 5 6 
4 3 4 5 6 -1 
12 -1
Initialized 2D vector 0:
3 4 5 6 -1 -1 
2 -1 -1 7 -1 -1 
1 -1 -1 8 9 -1 
0 1 2 -1 10 -1 
Initialized 2D vector 1:
-1 -1 -1 12 -1 -1 
-1 -1 -1 11 -1 -1 
-1 -1 -1 10 9 -1 
-1 -1 -1 -1 8 11 
Initialized 2D vector 2:
5 4 5 6 -1 -1 
4 3 8 5 6 -1 
3 2 3 4 5 6 
4 3 4 5 6 -1 
12 -2
Initialized 2D vector 0:
3 4 5 6 -1 -1 
2 -1 -1 7 -1 -1 
1 -1 -1 8 9 -1 
0 1 2 -1 10 -1 
Initialized 2D vector 1:
-1 -1 -1 12 -1 -1 
-1 -1 -1 11 -1 -1 
-1 -1 -1 10 9 -1 
-1 -1 -1 -1 8 11 
Initialized 2D vector 2:
5 4 5 6 -1 -1 
4 3 12 5 6 -1 
3 2 3 4 5 6 
4 3 4 5 6 -1 
12 -1
Initialized 2D vector 0:
3 4 5 6 -1 -1 
2 -1 -1 7 -1 -1 
1 -1 -1 8 9 -1 
0 1 2 -1 10 -1 
Initialized 2D vector 1:
-1 -1 -1 12 -1 -1 
-1 -1 -1 11 -1 -1 
-1 -1 -1 10 9 -1 
-1 -1 -1 -1 8 11 
Initialized 2D vector 2:
5 4 5 6 -1 -1 
4 3 12 5 6 -1 
3 2 3 4 5 6 
4 3 4 5 6 -1 
12 -2
Initialized 2D vector 0:
3 4 5 6 -1 -1 
2 -1 -1 7 -1 -1 
1 -1 -1 8 9 -1 
0 1 2 -1 10 -1 
Initialized 2D vector 1:
-1 -1 -1 12 -1 -1 
-1 -1 -1 11 -1 -1 
-1 -1 -1 10 9 -1 
-1 -1 -1 -1 8 11 
Initialized 2D vector 2:
5 4 5 6 -1 -1 
4 3 12 5 6 -1 
3 2 3 4 5 6 
4 3 4 5 6 -1 
12 -1
Initialized 2D vector 0:
3 4 5 6 -1 -1 
2 -1 -1 7 -1 -1 
1 -1 -1 8 9 -1 
0 1 2 -1 10 -1 
Initialized 2D vector 1:
-1 -1 -1 12 -1 -1 
-1 -1 -1 11 -1 -1 
-1 -1 -1 10 9 -1 
-1 -1 -1 -1 8 11 
Initialized 2D vector 2:
5 4 5 6 -1 -1 
4 3 12 5 6 -1 
3 2 3 4 5 6 
4 3 4 5 6 -1 
12 -2
Initialized 2D vector 0:
3 4 5 6 -1 -1 
2 -1 -1 7 -1 -1 
1 -1 -1 8 9 -1 
0 1 2 -1 10 -1 
Initialized 2D vector 1:
-1 -1 -1 12 -1 -1 
-1 -1 -1 11 -1 -1 
-1 -1 -1 10 9 -1 
-1 -1 -1 -1 8 11 
Initialized 2D vector 2:
5 4 5 6 -1 -1 
4 3 12 5 6 -1 
3 2 3 4 5 6 
4 3 4 5 6 -1 
12 -1
Initialized 2D vector 0:
3 4 5 6 -1 -1 
2 -1 -1 7 -1 -1 
1 -1 -1 8 9 -1 
0 1 2 -1 10 -1 
Initialized 2D vector 1:
-1 -1 -1 12 -1 -1 
-1 -1 -1 11 -1 -1 
-1 -1 -1 10 9 -1 
-1 -1 -1 -1 8 11 
Initialized 2D vector 2:
5 4 5 6 -1 -1 
4 3 12 5 6 -1 
3 2 3 4 5 6 
4 3 4 5 6 -1 
12 -2
Initialized 2D vector 0:
3 4 5 6 -1 -1 
2 -1 -1 7 -1 -1 
1 -1 -1 8 9 -1 
0 1 2 -1 10 -1 
Initialized 2D vector 1:
-1 -1 -1 12 -1 -1 
-1 -1 -1 11 -1 -1 
-1 -1 -1 10 9 -1 
-1 -1 -1 -1 8 11 
Initialized 2D vector 2:
5 4 5 6 -1 -1 
4 3 12 5 6 -1 
3 2 3 4 5 6 
4 3 4 5 6 -1 
12 -1
Initialized 2D vector 0:
3 4 5 6 -1 -1 
2 -1 -1 7 -1 -1 
1 -1 -1 8 9 -1 
0 1 2 -1 10 -1 
Initialized 2D vector 1:
-1 -1 -1 12 -1 -1 
-1 -1 -1 11 -1 -1 
-1 -1 -1 10 9 -1 
-1 -1 -1 -1 8 11 
Initialized 2D vector 2:
5 4 5 6 -1 -1 
4 3 12 5 6 -1 
3 2 3 4 5 6 
4 3 4 5 6 -1 
12 -2
Initialized 2D vector 0:
3 4 5 6 -1 -1 
2 -1 -1 7 -1 -1 
1 -1 -1 8 9 -1 
0 1 2 -1 10 -1 
Initialized 2D vector 1:
-1 -1 -1 12 -1 -1 
-1 -1 -1 11 -1 -1 
-1 -1 -1 10 9 -1 
-1 -1 -1 -1 8 11 
Initialized 2D vector 2:
5 4 5 6 -1 -1 
4 3 12 5 6 -1 
3 2 3 4 5 6 
4 3 4 5 6 -1 
12 -1
Initialized 2D vector 0:
3 4 5 6 -1 -1 
2 -1 -1 7 -1 -1 
1 -1 -1 8 9 -1 
0 1 2 -1 10 -1 
Initialized 2D vector 1:
-1 -1 -1 12 -1 -1 
-1 -1 -1 11 -1 -1 
-1 -1 -1 10 9 -1 
-1 -1 -1 -1 8 11 
Initialized 2D vector 2:
5 4 5 6 -1 -1 
4 3 12 5 6 -1 
3 2 3 4 5 6 
4 3 4 5 6 -1 
12 -2
Initialized 2D vector 0:
3 4 5 6 -1 -1 
2 -1 -1 7 -1 -1 
1 -1 -1 8 9 -1 
0 1 2 -1 10 -1 
Initialized 2D vector 1:
-1 -1 -1 12 -1 -1 
-1 -1 -1 11 -1 -1 
-1 -1 -1 10 9 -1 
-1 -1 -1 -1 8 11 
Initialized 2D vector 2:
5 4 5 6 -1 -1 
4 3 12 5 6 -1 
3 2 3 4 5 6 
4 3 4 5 6 -1 
12 -1
Initialized 2D vector 0:
3 4 5 6 -1 -1 
2 -1 -1 7 -1 -1 
1 -1 -1 8 9 -1 
0 1 2 -1 10 -1 
Initialized 2D vector 1:
-1 -1 -1 12 -1 -1 
-1 -1 -1 11 -1 -1 
-1 -1 -1 10 9 -1 
-1 -1 -1 -1 8 11 
Initialized 2D vector 2:
5 4 5 6 -1 -1 
4 3 12 5 6 -1 
3 2 3 4 5 6 
4 3 4 5 6 -1 
12 -2
Initialized 2D vector 0:
3 4 5 6 -1 -1 
2 -1 -1 7 -1 -1 
1 -1 -1 8 9 -1 
0 1 2 -1 10 -1 
Initialized 2D vector 1:
-1 -1 -1 12 -1 -1 
-1 -1 -1 11 -1 -1 
-1 -1 -1 10 9 -1 
-1 -1 -1 -1 8 11 
Initialized 2D vector 2:
5 4 5 6 -1 -1 
4 3 12 5 6 -1 
3 2 3 4 5 6 
4 3 4 5 6 -1 
12 -1
Initialized 2D vector 0:
3 4 5 6 -1 -1 
2 -1 -1 7 -1 -1 
1 -1 -1 8 9 -1 
0 1 2 -1 10 -1 
Initialized 2D vector 1:
-1 -1 -1 12 -1 -1 
-1 -1 -1 11 -1 -1 
-1 -1 -1 10 9 -1 
-1 -1 -1 -1 8 11 
Initialized 2D vector 2:
5 4 5 6 -1 -1 
4 3 12 5 6 -1 
3 2 3 4 5 6 
4 3 4 5 6 -1 
12 -2
Initialized 2D vector 0:
3 4 5 6 -1 -1 
2 -1 -1 7 -1 -1 
1 -1 -1 8 9 -1 
0 1 2 -1 10 -1 
Initialized 2D vector 1:
-1 -1 -1 12 -1 -1 
-1 -1 -1 11 -1 -1 
-1 -1 -1 10 9 -1 
-1 -1 -1 -1 8 11 
Initialized 2D vector 2:
5 4 5 6 -1 -1 
4 3 12 5 6 -1 
3 2 3 4 5 6 
4 3 4 5 6 -1 
12 -1
Initialized 2D vector 0:
3 4 5 6 -1 -1 
2 -1 -1 7 -1 -1 
1 -1 -1 8 9 -1 
0 1 2 -1 10 -1 
Initialized 2D vector 1:
-1 -1 -1 12 -1 -1 
-1 -1 -1 11 -1 -1 
-1 -1 -1 10 9 -1 
-1 -1 -1 -1 8 11 
Initialized 2D vector 2:
5 4 5 6 -1 -1 
4 3 12 5 6 -1 
3 2 3 4 5 6 
4 3 4 5 6 -1 
12 -2
Initialized 2D vector 0:
3 4 5 6 -1 -1 
2 -1 -1 7 -1 -1 
1 -1 -1 8 9 -1 
0 1 2 -1 10 -1 
Initialized 2D vector 1:
-1 -1 -1 12 -1 -1 
-1 -1 -1 11 -1 -1 
-1 -1 -1 10 9 -1 
-1 -1 -1 -1 8 11 
Initialized 2D vector 2:
5 4 5 6 -1 -1 
4 3 12 5 6 -1 
3 2 3 4 5 6 
4 3 4 5 6 -1 
12 -1
Initialized 2D vector 0:
3 4 5 6 -1 -1 
2 -1 -1 7 -1 -1 
1 -1 -1 8 9 -1 
0 1 2 -1 10 -1 
Initialized 2D vector 1:
-1 -1 -1 12 -1 -1 
-1 -1 -1 11 -1 -1 
-1 -1 -1 10 9 -1 
-1 -1 -1 -1 8 11 
Initialized 2D vector 2:
5 4 5 6 -1 -1 
4 3 12 5 6 -1 
3 2 3 4 5 6 
4 3 4 5 6 -1 
12 -2
Initialized 2D vector 0:
3 4 5 6 -1 -1 
2 -1 -1 7 -1 -1 
1 -1 -1 8 9 -1 
0 1 2 -1 10 -1 
Initialized 2D vector 1:
-1 -1 -1 12 -1 -1 
-1 -1 -1 11 -1 -1 
-1 -1 -1 10 9 -1 
-1 -1 -1 -1 8 11 
Initialized 2D vector 2:
5 4 5 6 -1 -1 
4 3 12 5 6 -1 
3 2 3 4 5 6 
4 3 4 5 6 -1 
13 -1
Initialized 2D vector 0:
3 4 5 6 -1 -1 
2 -1 -1 7 -1 -1 
1 -1 -1 8 9 -1 
0 1 2 -1 10 -1 
Initialized 2D vector 1:
-1 -1 -1 12 13 -1 
-1 -1 -1 11 -1 -1 
-1 -1 -1 10 9 -1 
-1 -1 -1 -1 8 11 
Initialized 2D vector 2:
5 4 5 6 -1 -1 
4 3 12 5 6 -1 
3 2 3 4 5 6 
4 3 4 5 6 -1 
13 -1
Initialized 2D vector 0:
3 4 5 6 -1 -1 
2 -1 -1 7 -1 -1 
1 -1 -1 8 9 -1 
0 1 2 -1 10 -1 
Initialized 2D vector 1:
-1 -1 13 12 13 -1 
-1 -1 -1 11 -1 -1 
-1 -1 -1 10 9 -1 
-1 -1 -1 -1 8 11 
Initialized 2D vector 2:
5 4 5 6 -1 -1 
4 3 12 5 6 -1 
3 2 3 4 5 6 
4 3 4 5 6 -1 
13 -1
Initialized 2D vector 0:
3 4 5 6 -1 -1 
2 -1 -1 7 -1 -1 
1 -1 -1 8 9 -1 
0 1 2 -1 10 -1 
Initialized 2D vector 1:
-1 -1 13 12 13 -1 
-1 -1 -1 11 -1 -1 
-1 -1 -1 10 9 -1 
-1 -1 -1 -1 8 11 
Initialized 2D vector 2:
5 4 5 6 -1 -1 
4 3 12 5 6 -1 
3 2 3 4 5 6 
4 3 4 5 6 -1 
13 -1
Initialized 2D vector 0:
3 4 5 6 -1 -1 
2 -1 -1 7 -1 -1 
1 -1 -1 8 9 -1 
0 1 2 -1 10 -1 
Initialized 2D vector 1:
-1 -1 13 12 13 -1 
-1 -1 -1 11 -1 -1 
-1 -1 -1 10 9 -1 
-1 -1 -1 -1 8 11 
Initialized 2D vector 2:
5 4 5 6 -1 -1 
4 3 12 5 6 -1 
3 2 3 4 5 6 
4 3 4 5 6 -1 
13 -1
Initialized 2D vector 0:
3 4 5 6 -1 -1 
2 -1 -1 7 -1 -1 
1 -1 -1 8 9 -1 
0 1 2 -1 10 -1 
Initialized 2D vector 1:
-1 -1 13 12 13 -1 
-1 -1 -1 11 -1 -1 
-1 -1 -1 10 9 -1 
-1 -1 -1 -1 8 11 
Initialized 2D vector 2:
5 4 5 6 -1 -1 
4 3 12 5 6 -1 
3 2 3 4 5 6 
4 3 4 5 6 -1 
13 -1
Initialized 2D vector 0:
3 4 5 6 -1 -1 
2 -1 -1 7 -1 -1 
1 -1 -1 8 9 -1 
0 1 2 -1 10 -1 
Initialized 2D vector 1:
-1 -1 13 12 13 -1 
-1 -1 -1 11 -1 -1 
-1 -1 -1 10 9 -1 
-1 -1 -1 -1 8 11 
Initialized 2D vector 2:
5 4 5 6 -1 -1 
4 3 12 5 6 -1 
3 2 3 4 5 6 
4 3 4 5 6 -1 
13 -1
Initialized 2D vector 0:
3 4 5 6 -1 -1 
2 -1 -1 7 -1 -1 
1 -1 -1 8 9 -1 
0 1 2 -1 10 -1 
Initialized 2D vector 1:
-1 -1 13 12 13 -1 
-1 -1 -1 11 -1 -1 
-1 -1 -1 10 9 -1 
-1 -1 -1 -1 8 11 
Initialized 2D vector 2:
5 4 5 6 -1 -1 
4 3 12 5 6 -1 
3 2 3 4 5 6 
4 3 4 5 6 -1 
13 -1
Initialized 2D vector 0:
3 4 5 6 -1 -1 
2 -1 -1 7 -1 -1 
1 -1 -1 8 9 -1 
0 1 2 -1 10 -1 
Initialized 2D vector 1:
-1 -1 13 12 13 -1 
-1 -1 -1 11 -1 -1 
-1 -1 -1 10 9 -1 
-1 -1 -1 -1 8 11 
Initialized 2D vector 2:
5 4 5 6 -1 -1 
4 3 12 5 6 -1 
3 2 3 4 5 6 
4 3 4 5 6 -1 
13 -1
Initialized 2D vector 0:
3 4 5 6 -1 -1 
2 -1 -1 7 -1 -1 
1 -1 -1 8 9 -1 
0 1 2 -1 10 -1 
Initialized 2D vector 1:
-1 -1 13 12 13 -1 
-1 -1 -1 11 -1 -1 
-1 -1 -1 10 9 -1 
-1 -1 -1 -1 8 11 
Initialized 2D vector 2:
5 4 5 6 -1 -1 
4 3 12 5 6 -1 
3 2 3 4 5 6 
4 3 4 5 6 -1 
13 -1
Initialized 2D vector 0:
3 4 5 6 -1 -1 
2 -1 -1 7 -1 -1 
1 -1 -1 8 9 -1 
0 1 2 -1 10 -1 
Initialized 2D vector 1:
-1 -1 13 12 13 -1 
-1 -1 -1 11 -1 -1 
-1 -1 -1 10 9 -1 
-1 -1 -1 -1 8 11 
Initialized 2D vector 2:
5 4 5 6 -1 -1 
4 3 12 5 6 -1 
3 2 3 4 5 6 
4 3 4 5 6 -1 
13 -1
Initialized 2D vector 0:
3 4 5 6 -1 -1 
2 -1 -1 7 -1 -1 
1 -1 -1 8 9 -1 
0 1 2 -1 10 -1 
Initialized 2D vector 1:
-1 -1 13 12 13 -1 
-1 -1 -1 11 -1 -1 
-1 -1 -1 10 9 -1 
-1 -1 -1 -1 8 11 
Initialized 2D vector 2:
5 4 5 6 -1 -1 
4 3 12 5 6 -1 
3 2 3 4 5 6 
4 3 4 5 6 -1 
13 -1
Initialized 2D vector 0:
3 4 5 6 -1 -1 
2 -1 -1 7 -1 -1 
1 -1 -1 8 9 -1 
0 1 2 -1 10 -1 
Initialized 2D vector 1:
-1 -1 13 12 13 -1 
-1 -1 -1 11 -1 -1 
-1 -1 -1 10 9 -1 
-1 -1 -1 -1 8 11 
Initialized 2D vector 2:
5 4 5 6 -1 -1 
4 3 12 5 6 -1 
3 2 3 4 5 6 
4 3 4 5 6 -1 
13 -1
Initialized 2D vector 0:
3 4 5 6 -1 -1 
2 -1 -1 7 -1 -1 
1 -1 -1 8 9 -1 
0 1 2 -1 10 -1 
Initialized 2D vector 1:
-1 -1 13 12 13 -1 
-1 -1 -1 11 -1 -1 
-1 -1 -1 10 9 -1 
-1 -1 -1 -1 8 11 
Initialized 2D vector 2:
5 4 5 6 -1 -1 
4 3 12 5 6 -1 
3 2 3 4 5 6 
4 3 4 5 6 -1 
13 -1
Initialized 2D vector 0:
3 4 5 6 -1 -1 
2 -1 -1 7 -1 -1 
1 -1 -1 8 9 -1 
0 1 2 -1 10 -1 
Initialized 2D vector 1:
-1 -1 13 12 13 -1 
-1 -1 -1 11 -1 -1 
-1 -1 -1 10 9 -1 
-1 -1 -1 -1 8 11 
Initialized 2D vector 2:
5 4 5 6 -1 -1 
4 3 12 5 6 -1 
3 2 3 4 5 6 
4 3 4 5 6 -1 
13 -1
Initialized 2D vector 0:
3 4 5 6 -1 -1 
2 -1 -1 7 -1 -1 
1 -1 -1 8 9 -1 
0 1 2 -1 10 -1 
Initialized 2D vector 1:
-1 -1 13 12 13 -1 
-1 -1 -1 11 -1 -1 
-1 -1 -1 10 9 -1 
-1 -1 -1 -1 8 11 
Initialized 2D vector 2:
5 4 5 6 -1 -1 
4 3 12 5 6 -1 
3 2 3 4 5 6 
4 3 4 5 6 -1 
13 -1
Initialized 2D vector 0:
3 4 5 6 -1 -1 
2 -1 -1 7 -1 -1 
1 -1 -1 8 9 -1 
0 1 2 -1 10 -1 
Initialized 2D vector 1:
-1 -1 13 12 13 -1 
-1 -1 -1 11 -1 -1 
-1 -1 -1 10 9 -1 
-1 -1 -1 -1 8 11 
Initialized 2D vector 2:
5 4 5 6 -1 -1 
4 3 12 5 6 -1 
3 2 3 4 5 6 
4 3 4 5 6 -1 
13 -1
Initialized 2D vector 0:
3 4 5 6 -1 -1 
2 -1 -1 7 -1 -1 
1 -1 -1 8 9 -1 
0 1 2 -1 10 -1 
Initialized 2D vector 1:
-1 -1 13 12 13 -1 
-1 -1 -1 11 -1 -1 
-1 -1 -1 10 9 -1 
-1 -1 -1 -1 8 11 
Initialized 2D vector 2:
5 4 5 6 -1 -1 
4 3 12 5 6 -1 
3 2 3 4 5 6 
4 3 4 5 6 -1 
13 -1
Initialized 2D vector 0:
3 4 5 6 -1 -1 
2 -1 -1 7 -1 -1 
1 -1 -1 8 9 -1 
0 1 2 -1 10 -1 
Initialized 2D vector 1:
-1 -1 13 12 13 -1 
-1 -1 -1 11 -1 -1 
-1 -1 -1 10 9 -1 
-1 -1 -1 -1 8 11 
Initialized 2D vector 2:
5 4 5 6 -1 -1 
4 3 12 5 6 -1 
3 2 3 4 5 6 
4 3 4 5 6 -1 
13 -1
Initialized 2D vector 0:
3 4 5 6 -1 -1 
2 -1 -1 7 -1 -1 
1 -1 -1 8 9 -1 
0 1 2 -1 10 -1 
Initialized 2D vector 1:
-1 -1 13 12 13 -1 
-1 -1 -1 11 -1 -1 
-1 -1 -1 10 9 -1 
-1 -1 -1 -1 8 11 
Initialized 2D vector 2:
5 4 5 6 -1 -1 
4 3 12 5 6 -1 
3 2 3 4 5 6 
4 3 4 5 6 -1 
13 -1
Initialized 2D vector 0:
3 4 5 6 -1 -1 
2 -1 -1 7 -1 -1 
1 -1 -1 8 9 -1 
0 1 2 -1 10 -1 
Initialized 2D vector 1:
-1 -1 13 12 13 -1 
-1 -1 -1 11 -1 -1 
-1 -1 -1 10 9 -1 
-1 -1 -1 -1 8 11 
Initialized 2D vector 2:
5 4 5 6 -1 -1 
4 3 12 5 6 -1 
3 2 3 4 5 6 
4 3 4 5 6 -1 
14 -1
The longest path: 14
Initialized 2D vector 0:
3 4 5 6 -1 -1 
2 -1 -1 7 -1 -1 
1 -1 -1 8 9 -1 
0 1 2 -1 10 -1 
Initialized 2D vector 1:
-1 -1 13 12 13 14 
-1 -1 -1 11 -1 -1 
-1 -1 -1 10 9 -1 
-1 -1 -1 -1 8 11 
Initialized 2D vector 2:
5 4 5 6 -1 -1 
4 3 12 5 6 -1 
3 2 3 4 5 6 
4 3 4 5 6 -1 
